Performing C++ SOURCE FILE Test HAVE_FLAG_STDLIB_LIBCPP failed with the following output:
Change Dir: /home/marko/workspace/src/stp-master/cmake-build-debug/CMakeFiles/CMakeTmp

Run Build Command:"/usr/bin/make" "cmTC_96209/fast"
/usr/bin/make -f CMakeFiles/cmTC_96209.dir/build.make CMakeFiles/cmTC_96209.dir/build
make[1]: Entering directory '/home/marko/workspace/src/stp-master/cmake-build-debug/CMakeFiles/CMakeTmp'
Building CXX object CMakeFiles/cmTC_96209.dir/src.cxx.o
/usr/bin/c++    -DHAVE_FLAG_STDLIB_LIBCPP   -stdlib=libc++ -o CMakeFiles/cmTC_96209.dir/src.cxx.o -c /home/marko/workspace/src/stp-master/cmake-build-debug/CMakeFiles/CMakeTmp/src.cxx
c++: error: unrecognized command line option '-stdlib=libc++'
CMakeFiles/cmTC_96209.dir/build.make:65: recipe for target 'CMakeFiles/cmTC_96209.dir/src.cxx.o' failed
make[1]: *** [CMakeFiles/cmTC_96209.dir/src.cxx.o] Error 1
make[1]: Leaving directory '/home/marko/workspace/src/stp-master/cmake-build-debug/CMakeFiles/CMakeTmp'
Makefile:126: recipe for target 'cmTC_96209/fast' failed
make: *** [cmTC_96209/fast] Error 2

Source file was:
int main() { return 0; }
Performing C++ SOURCE FILE Test HAVE_FLAG_-Wheader-guard failed with the following output:
Change Dir: /home/marko/workspace/src/stp-master/cmake-build-debug/CMakeFiles/CMakeTmp

Run Build Command:"/usr/bin/make" "cmTC_2a3dd/fast"
/usr/bin/make -f CMakeFiles/cmTC_2a3dd.dir/build.make CMakeFiles/cmTC_2a3dd.dir/build
make[1]: Entering directory '/home/marko/workspace/src/stp-master/cmake-build-debug/CMakeFiles/CMakeTmp'
Building CXX object CMakeFiles/cmTC_2a3dd.dir/src.cxx.o
/usr/bin/c++    -std=c++11  -Wall -Wextra -Wunused -pedantic -Wsign-compare -fno-omit-frame-pointer -Wtype-limits -Wuninitialized -Wno-deprecated -Wstrict-aliasing -Wpointer-arith -DHAVE_FLAG_-Wheader-guard   -Wheader-guard -o CMakeFiles/cmTC_2a3dd.dir/src.cxx.o -c /home/marko/workspace/src/stp-master/cmake-build-debug/CMakeFiles/CMakeTmp/src.cxx
c++: error: unrecognized command line option '-Wheader-guard'
CMakeFiles/cmTC_2a3dd.dir/build.make:65: recipe for target 'CMakeFiles/cmTC_2a3dd.dir/src.cxx.o' failed
make[1]: *** [CMakeFiles/cmTC_2a3dd.dir/src.cxx.o] Error 1
make[1]: Leaving directory '/home/marko/workspace/src/stp-master/cmake-build-debug/CMakeFiles/CMakeTmp'
Makefile:126: recipe for target 'cmTC_2a3dd/fast' failed
make: *** [cmTC_2a3dd/fast] Error 2

Source file was:
int main() { return 0; }
