The system is: Linux - 4.8.0-56-generic - i686
Compiling the C compiler identification source file "CMakeCCompilerId.c" succeeded.
Compiler: /usr/bin/cc 
Build flags: 
Id flags:  

The output was:
0


Compilation of the C compiler identification source "CMakeCCompilerId.c" produced "a.out"

The C compiler identification is GNU, found in "/home/marko/workspace/src/stp-master/cmake-build-debug/CMakeFiles/3.9.0-rc4/CompilerIdC/a.out"

Compiling the CXX compiler identification source file "CMakeCXXCompilerId.cpp" succeeded.
Compiler: /usr/bin/c++ 
Build flags: 
Id flags:  

The output was:
0


Compilation of the CXX compiler identification source "CMakeCXXCompilerId.cpp" produced "a.out"

The CXX compiler identification is GNU, found in "/home/marko/workspace/src/stp-master/cmake-build-debug/CMakeFiles/3.9.0-rc4/CompilerIdCXX/a.out"

Determining if the C compiler works passed with the following output:
Change Dir: /home/marko/workspace/src/stp-master/cmake-build-debug/CMakeFiles/CMakeTmp

Run Build Command:"/usr/bin/make" "cmTC_0bff3/fast"
/usr/bin/make -f CMakeFiles/cmTC_0bff3.dir/build.make CMakeFiles/cmTC_0bff3.dir/build
make[1]: Entering directory '/home/marko/workspace/src/stp-master/cmake-build-debug/CMakeFiles/CMakeTmp'
Building C object CMakeFiles/cmTC_0bff3.dir/testCCompiler.c.o
/usr/bin/cc    -o CMakeFiles/cmTC_0bff3.dir/testCCompiler.c.o   -c /home/marko/workspace/src/stp-master/cmake-build-debug/CMakeFiles/CMakeTmp/testCCompiler.c
Linking C executable cmTC_0bff3
/home/marko/software/bin/cmake -E cmake_link_script CMakeFiles/cmTC_0bff3.dir/link.txt --verbose=1
/usr/bin/cc      -rdynamic CMakeFiles/cmTC_0bff3.dir/testCCompiler.c.o  -o cmTC_0bff3 
make[1]: Leaving directory '/home/marko/workspace/src/stp-master/cmake-build-debug/CMakeFiles/CMakeTmp'


Detecting C compiler ABI info compiled with the following output:
Change Dir: /home/marko/workspace/src/stp-master/cmake-build-debug/CMakeFiles/CMakeTmp

Run Build Command:"/usr/bin/make" "cmTC_e145e/fast"
/usr/bin/make -f CMakeFiles/cmTC_e145e.dir/build.make CMakeFiles/cmTC_e145e.dir/build
make[1]: Entering directory '/home/marko/workspace/src/stp-master/cmake-build-debug/CMakeFiles/CMakeTmp'
Building C object CMakeFiles/cmTC_e145e.dir/CMakeCCompilerABI.c.o
/usr/bin/cc    -o CMakeFiles/cmTC_e145e.dir/CMakeCCompilerABI.c.o   -c /home/marko/software/share/cmake-3.9/Modules/CMakeCCompilerABI.c
Linking C executable cmTC_e145e
/home/marko/software/bin/cmake -E cmake_link_script CMakeFiles/cmTC_e145e.dir/link.txt --verbose=1
/usr/bin/cc     -v -rdynamic CMakeFiles/cmTC_e145e.dir/CMakeCCompilerABI.c.o  -o cmTC_e145e 
Using built-in specs.
COLLECT_GCC=/usr/bin/cc
COLLECT_LTO_WRAPPER=/usr/lib/gcc/i686-linux-gnu/5/lto-wrapper
Target: i686-linux-gnu
Configured with: ../src/configure -v --with-pkgversion='Ubuntu 5.4.0-6ubuntu1~16.04.4' --with-bugurl=file:///usr/share/doc/gcc-5/README.Bugs --enable-languages=c,ada,c++,java,go,d,fortran,objc,obj-c++ --prefix=/usr --program-suffix=-5 --enable-shared --enable-linker-build-id --libexecdir=/usr/lib --without-included-gettext --enable-threads=posix --libdir=/usr/lib --enable-nls --with-sysroot=/ --enable-clocale=gnu --enable-libstdcxx-debug --enable-libstdcxx-time=yes --with-default-libstdcxx-abi=new --enable-gnu-unique-object --disable-vtable-verify --enable-libmpx --enable-plugin --with-system-zlib --disable-browser-plugin --enable-java-awt=gtk --enable-gtk-cairo --with-java-home=/usr/lib/jvm/java-1.5.0-gcj-5-i386/jre --enable-java-home --with-jvm-root-dir=/usr/lib/jvm/java-1.5.0-gcj-5-i386 --with-jvm-jar-dir=/usr/lib/jvm-exports/java-1.5.0-gcj-5-i386 --with-arch-directory=i386 --with-ecj-jar=/usr/share/java/eclipse-ecj.jar --enable-objc-gc --enable-targets=all --enable-multiarch --disable-werror --with-arch-32=i686 --with-multilib-list=m32,m64,mx32 --enable-multilib --with-tune=generic --enable-checking=release --build=i686-linux-gnu --host=i686-linux-gnu --target=i686-linux-gnu
Thread model: posix
gcc version 5.4.0 20160609 (Ubuntu 5.4.0-6ubuntu1~16.04.4) 
COMPILER_PATH=/usr/lib/gcc/i686-linux-gnu/5/:/usr/lib/gcc/i686-linux-gnu/5/:/usr/lib/gcc/i686-linux-gnu/:/usr/lib/gcc/i686-linux-gnu/5/:/usr/lib/gcc/i686-linux-gnu/
LIBRARY_PATH=/usr/lib/gcc/i686-linux-gnu/5/:/usr/lib/gcc/i686-linux-gnu/5/../../../i386-linux-gnu/:/usr/lib/gcc/i686-linux-gnu/5/../../../../lib/:/lib/i386-linux-gnu/:/lib/../lib/:/usr/lib/i386-linux-gnu/:/usr/lib/../lib/:/usr/lib/gcc/i686-linux-gnu/5/../../../:/lib/:/usr/lib/
COLLECT_GCC_OPTIONS='-v' '-rdynamic' '-o' 'cmTC_e145e' '-mtune=generic' '-march=i686'
 /usr/lib/gcc/i686-linux-gnu/5/collect2 -plugin /usr/lib/gcc/i686-linux-gnu/5/liblto_plugin.so -plugin-opt=/usr/lib/gcc/i686-linux-gnu/5/lto-wrapper -plugin-opt=-fresolution=/tmp/ccibA4bY.res -plugin-opt=-pass-through=-lgcc -plugin-opt=-pass-through=-lgcc_s -plugin-opt=-pass-through=-lc -plugin-opt=-pass-through=-lgcc -plugin-opt=-pass-through=-lgcc_s --sysroot=/ --build-id --eh-frame-hdr -m elf_i386 --hash-style=gnu --as-needed -export-dynamic -dynamic-linker /lib/ld-linux.so.2 -z relro -o cmTC_e145e /usr/lib/gcc/i686-linux-gnu/5/../../../i386-linux-gnu/crt1.o /usr/lib/gcc/i686-linux-gnu/5/../../../i386-linux-gnu/crti.o /usr/lib/gcc/i686-linux-gnu/5/crtbegin.o -L/usr/lib/gcc/i686-linux-gnu/5 -L/usr/lib/gcc/i686-linux-gnu/5/../../../i386-linux-gnu -L/usr/lib/gcc/i686-linux-gnu/5/../../../../lib -L/lib/i386-linux-gnu -L/lib/../lib -L/usr/lib/i386-linux-gnu -L/usr/lib/../lib -L/usr/lib/gcc/i686-linux-gnu/5/../../.. CMakeFiles/cmTC_e145e.dir/CMakeCCompilerABI.c.o -lgcc --as-needed -lgcc_s --no-as-needed -lc -lgcc --as-needed -lgcc_s --no-as-needed /usr/lib/gcc/i686-linux-gnu/5/crtend.o /usr/lib/gcc/i686-linux-gnu/5/../../../i386-linux-gnu/crtn.o
make[1]: Leaving directory '/home/marko/workspace/src/stp-master/cmake-build-debug/CMakeFiles/CMakeTmp'


Parsed C implicit link information from above output:
  link line regex: [^( *|.*[/\])(ld|CMAKE_LINK_STARTFILE-NOTFOUND|([^/\]+-)?ld|collect2)[^/\]*( |$)]
  ignore line: [Change Dir: /home/marko/workspace/src/stp-master/cmake-build-debug/CMakeFiles/CMakeTmp]
  ignore line: []
  ignore line: [Run Build Command:"/usr/bin/make" "cmTC_e145e/fast"]
  ignore line: [/usr/bin/make -f CMakeFiles/cmTC_e145e.dir/build.make CMakeFiles/cmTC_e145e.dir/build]
  ignore line: [make[1]: Entering directory '/home/marko/workspace/src/stp-master/cmake-build-debug/CMakeFiles/CMakeTmp']
  ignore line: [Building C object CMakeFiles/cmTC_e145e.dir/CMakeCCompilerABI.c.o]
  ignore line: [/usr/bin/cc    -o CMakeFiles/cmTC_e145e.dir/CMakeCCompilerABI.c.o   -c /home/marko/software/share/cmake-3.9/Modules/CMakeCCompilerABI.c]
  ignore line: [Linking C executable cmTC_e145e]
  ignore line: [/home/marko/software/bin/cmake -E cmake_link_script CMakeFiles/cmTC_e145e.dir/link.txt --verbose=1]
  ignore line: [/usr/bin/cc     -v -rdynamic CMakeFiles/cmTC_e145e.dir/CMakeCCompilerABI.c.o  -o cmTC_e145e ]
  ignore line: [Using built-in specs.]
  ignore line: [COLLECT_GCC=/usr/bin/cc]
  ignore line: [COLLECT_LTO_WRAPPER=/usr/lib/gcc/i686-linux-gnu/5/lto-wrapper]
  ignore line: [Target: i686-linux-gnu]
  ignore line: [Configured with: ../src/configure -v --with-pkgversion='Ubuntu 5.4.0-6ubuntu1~16.04.4' --with-bugurl=file:///usr/share/doc/gcc-5/README.Bugs --enable-languages=c,ada,c++,java,go,d,fortran,objc,obj-c++ --prefix=/usr --program-suffix=-5 --enable-shared --enable-linker-build-id --libexecdir=/usr/lib --without-included-gettext --enable-threads=posix --libdir=/usr/lib --enable-nls --with-sysroot=/ --enable-clocale=gnu --enable-libstdcxx-debug --enable-libstdcxx-time=yes --with-default-libstdcxx-abi=new --enable-gnu-unique-object --disable-vtable-verify --enable-libmpx --enable-plugin --with-system-zlib --disable-browser-plugin --enable-java-awt=gtk --enable-gtk-cairo --with-java-home=/usr/lib/jvm/java-1.5.0-gcj-5-i386/jre --enable-java-home --with-jvm-root-dir=/usr/lib/jvm/java-1.5.0-gcj-5-i386 --with-jvm-jar-dir=/usr/lib/jvm-exports/java-1.5.0-gcj-5-i386 --with-arch-directory=i386 --with-ecj-jar=/usr/share/java/eclipse-ecj.jar --enable-objc-gc --enable-targets=all --enable-multiarch --disable-werror --with-arch-32=i686 --with-multilib-list=m32,m64,mx32 --enable-multilib --with-tune=generic --enable-checking=release --build=i686-linux-gnu --host=i686-linux-gnu --target=i686-linux-gnu]
  ignore line: [Thread model: posix]
  ignore line: [gcc version 5.4.0 20160609 (Ubuntu 5.4.0-6ubuntu1~16.04.4) ]
  ignore line: [COMPILER_PATH=/usr/lib/gcc/i686-linux-gnu/5/:/usr/lib/gcc/i686-linux-gnu/5/:/usr/lib/gcc/i686-linux-gnu/:/usr/lib/gcc/i686-linux-gnu/5/:/usr/lib/gcc/i686-linux-gnu/]
  ignore line: [LIBRARY_PATH=/usr/lib/gcc/i686-linux-gnu/5/:/usr/lib/gcc/i686-linux-gnu/5/../../../i386-linux-gnu/:/usr/lib/gcc/i686-linux-gnu/5/../../../../lib/:/lib/i386-linux-gnu/:/lib/../lib/:/usr/lib/i386-linux-gnu/:/usr/lib/../lib/:/usr/lib/gcc/i686-linux-gnu/5/../../../:/lib/:/usr/lib/]
  ignore line: [COLLECT_GCC_OPTIONS='-v' '-rdynamic' '-o' 'cmTC_e145e' '-mtune=generic' '-march=i686']
  link line: [ /usr/lib/gcc/i686-linux-gnu/5/collect2 -plugin /usr/lib/gcc/i686-linux-gnu/5/liblto_plugin.so -plugin-opt=/usr/lib/gcc/i686-linux-gnu/5/lto-wrapper -plugin-opt=-fresolution=/tmp/ccibA4bY.res -plugin-opt=-pass-through=-lgcc -plugin-opt=-pass-through=-lgcc_s -plugin-opt=-pass-through=-lc -plugin-opt=-pass-through=-lgcc -plugin-opt=-pass-through=-lgcc_s --sysroot=/ --build-id --eh-frame-hdr -m elf_i386 --hash-style=gnu --as-needed -export-dynamic -dynamic-linker /lib/ld-linux.so.2 -z relro -o cmTC_e145e /usr/lib/gcc/i686-linux-gnu/5/../../../i386-linux-gnu/crt1.o /usr/lib/gcc/i686-linux-gnu/5/../../../i386-linux-gnu/crti.o /usr/lib/gcc/i686-linux-gnu/5/crtbegin.o -L/usr/lib/gcc/i686-linux-gnu/5 -L/usr/lib/gcc/i686-linux-gnu/5/../../../i386-linux-gnu -L/usr/lib/gcc/i686-linux-gnu/5/../../../../lib -L/lib/i386-linux-gnu -L/lib/../lib -L/usr/lib/i386-linux-gnu -L/usr/lib/../lib -L/usr/lib/gcc/i686-linux-gnu/5/../../.. CMakeFiles/cmTC_e145e.dir/CMakeCCompilerABI.c.o -lgcc --as-needed -lgcc_s --no-as-needed -lc -lgcc --as-needed -lgcc_s --no-as-needed /usr/lib/gcc/i686-linux-gnu/5/crtend.o /usr/lib/gcc/i686-linux-gnu/5/../../../i386-linux-gnu/crtn.o]
    arg [/usr/lib/gcc/i686-linux-gnu/5/collect2] ==> ignore
    arg [-plugin] ==> ignore
    arg [/usr/lib/gcc/i686-linux-gnu/5/liblto_plugin.so] ==> ignore
    arg [-plugin-opt=/usr/lib/gcc/i686-linux-gnu/5/lto-wrapper] ==> ignore
    arg [-plugin-opt=-fresolution=/tmp/ccibA4bY.res] ==> ignore
    arg [-plugin-opt=-pass-through=-lgcc] ==> ignore
    arg [-plugin-opt=-pass-through=-lgcc_s] ==> ignore
    arg [-plugin-opt=-pass-through=-lc] ==> ignore
    arg [-plugin-opt=-pass-through=-lgcc] ==> ignore
    arg [-plugin-opt=-pass-through=-lgcc_s] ==> ignore
    arg [--sysroot=/] ==> ignore
    arg [--build-id] ==> ignore
    arg [--eh-frame-hdr] ==> ignore
    arg [-m] ==> ignore
    arg [elf_i386] ==> ignore
    arg [--hash-style=gnu] ==> ignore
    arg [--as-needed] ==> ignore
    arg [-export-dynamic] ==> ignore
    arg [-dynamic-linker] ==> ignore
    arg [/lib/ld-linux.so.2] ==> ignore
    arg [-zrelro] ==> ignore
    arg [-o] ==> ignore
    arg [cmTC_e145e] ==> ignore
    arg [/usr/lib/gcc/i686-linux-gnu/5/../../../i386-linux-gnu/crt1.o] ==> ignore
    arg [/usr/lib/gcc/i686-linux-gnu/5/../../../i386-linux-gnu/crti.o] ==> ignore
    arg [/usr/lib/gcc/i686-linux-gnu/5/crtbegin.o] ==> ignore
    arg [-L/usr/lib/gcc/i686-linux-gnu/5] ==> dir [/usr/lib/gcc/i686-linux-gnu/5]
    arg [-L/usr/lib/gcc/i686-linux-gnu/5/../../../i386-linux-gnu] ==> dir [/usr/lib/gcc/i686-linux-gnu/5/../../../i386-linux-gnu]
    arg [-L/usr/lib/gcc/i686-linux-gnu/5/../../../../lib] ==> dir [/usr/lib/gcc/i686-linux-gnu/5/../../../../lib]
    arg [-L/lib/i386-linux-gnu] ==> dir [/lib/i386-linux-gnu]
    arg [-L/lib/../lib] ==> dir [/lib/../lib]
    arg [-L/usr/lib/i386-linux-gnu] ==> dir [/usr/lib/i386-linux-gnu]
    arg [-L/usr/lib/../lib] ==> dir [/usr/lib/../lib]
    arg [-L/usr/lib/gcc/i686-linux-gnu/5/../../..] ==> dir [/usr/lib/gcc/i686-linux-gnu/5/../../..]
    arg [CMakeFiles/cmTC_e145e.dir/CMakeCCompilerABI.c.o] ==> ignore
    arg [-lgcc] ==> lib [gcc]
    arg [--as-needed] ==> ignore
    arg [-lgcc_s] ==> lib [gcc_s]
    arg [--no-as-needed] ==> ignore
    arg [-lc] ==> lib [c]
    arg [-lgcc] ==> lib [gcc]
    arg [--as-needed] ==> ignore
    arg [-lgcc_s] ==> lib [gcc_s]
    arg [--no-as-needed] ==> ignore
    arg [/usr/lib/gcc/i686-linux-gnu/5/crtend.o] ==> ignore
    arg [/usr/lib/gcc/i686-linux-gnu/5/../../../i386-linux-gnu/crtn.o] ==> ignore
  collapse library dir [/usr/lib/gcc/i686-linux-gnu/5] ==> [/usr/lib/gcc/i686-linux-gnu/5]
  collapse library dir [/usr/lib/gcc/i686-linux-gnu/5/../../../i386-linux-gnu] ==> [/usr/lib/i386-linux-gnu]
  collapse library dir [/usr/lib/gcc/i686-linux-gnu/5/../../../../lib] ==> [/usr/lib]
  collapse library dir [/lib/i386-linux-gnu] ==> [/lib/i386-linux-gnu]
  collapse library dir [/lib/../lib] ==> [/lib]
  collapse library dir [/usr/lib/i386-linux-gnu] ==> [/usr/lib/i386-linux-gnu]
  collapse library dir [/usr/lib/../lib] ==> [/usr/lib]
  collapse library dir [/usr/lib/gcc/i686-linux-gnu/5/../../..] ==> [/usr/lib]
  implicit libs: [gcc;gcc_s;c;gcc;gcc_s]
  implicit dirs: [/usr/lib/gcc/i686-linux-gnu/5;/usr/lib/i386-linux-gnu;/usr/lib;/lib/i386-linux-gnu;/lib]
  implicit fwks: []




Detecting C [-std=c11] compiler features compiled with the following output:
Change Dir: /home/marko/workspace/src/stp-master/cmake-build-debug/CMakeFiles/CMakeTmp

Run Build Command:"/usr/bin/make" "cmTC_f6947/fast"
/usr/bin/make -f CMakeFiles/cmTC_f6947.dir/build.make CMakeFiles/cmTC_f6947.dir/build
make[1]: Entering directory '/home/marko/workspace/src/stp-master/cmake-build-debug/CMakeFiles/CMakeTmp'
Building C object CMakeFiles/cmTC_f6947.dir/feature_tests.c.o
/usr/bin/cc   -std=c11 -o CMakeFiles/cmTC_f6947.dir/feature_tests.c.o   -c /home/marko/workspace/src/stp-master/cmake-build-debug/CMakeFiles/feature_tests.c
Linking C executable cmTC_f6947
/home/marko/software/bin/cmake -E cmake_link_script CMakeFiles/cmTC_f6947.dir/link.txt --verbose=1
/usr/bin/cc      -rdynamic CMakeFiles/cmTC_f6947.dir/feature_tests.c.o  -o cmTC_f6947 
make[1]: Leaving directory '/home/marko/workspace/src/stp-master/cmake-build-debug/CMakeFiles/CMakeTmp'


    Feature record: C_FEATURE:1c_function_prototypes
    Feature record: C_FEATURE:1c_restrict
    Feature record: C_FEATURE:1c_static_assert
    Feature record: C_FEATURE:1c_variadic_macros


Detecting C [-std=c99] compiler features compiled with the following output:
Change Dir: /home/marko/workspace/src/stp-master/cmake-build-debug/CMakeFiles/CMakeTmp

Run Build Command:"/usr/bin/make" "cmTC_6da61/fast"
/usr/bin/make -f CMakeFiles/cmTC_6da61.dir/build.make CMakeFiles/cmTC_6da61.dir/build
make[1]: Entering directory '/home/marko/workspace/src/stp-master/cmake-build-debug/CMakeFiles/CMakeTmp'
Building C object CMakeFiles/cmTC_6da61.dir/feature_tests.c.o
/usr/bin/cc   -std=c99 -o CMakeFiles/cmTC_6da61.dir/feature_tests.c.o   -c /home/marko/workspace/src/stp-master/cmake-build-debug/CMakeFiles/feature_tests.c
Linking C executable cmTC_6da61
/home/marko/software/bin/cmake -E cmake_link_script CMakeFiles/cmTC_6da61.dir/link.txt --verbose=1
/usr/bin/cc      -rdynamic CMakeFiles/cmTC_6da61.dir/feature_tests.c.o  -o cmTC_6da61 
make[1]: Leaving directory '/home/marko/workspace/src/stp-master/cmake-build-debug/CMakeFiles/CMakeTmp'


    Feature record: C_FEATURE:1c_function_prototypes
    Feature record: C_FEATURE:1c_restrict
    Feature record: C_FEATURE:0c_static_assert
    Feature record: C_FEATURE:1c_variadic_macros


Detecting C [-std=c90] compiler features compiled with the following output:
Change Dir: /home/marko/workspace/src/stp-master/cmake-build-debug/CMakeFiles/CMakeTmp

Run Build Command:"/usr/bin/make" "cmTC_8d166/fast"
/usr/bin/make -f CMakeFiles/cmTC_8d166.dir/build.make CMakeFiles/cmTC_8d166.dir/build
make[1]: Entering directory '/home/marko/workspace/src/stp-master/cmake-build-debug/CMakeFiles/CMakeTmp'
Building C object CMakeFiles/cmTC_8d166.dir/feature_tests.c.o
/usr/bin/cc   -std=c90 -o CMakeFiles/cmTC_8d166.dir/feature_tests.c.o   -c /home/marko/workspace/src/stp-master/cmake-build-debug/CMakeFiles/feature_tests.c
Linking C executable cmTC_8d166
/home/marko/software/bin/cmake -E cmake_link_script CMakeFiles/cmTC_8d166.dir/link.txt --verbose=1
/usr/bin/cc      -rdynamic CMakeFiles/cmTC_8d166.dir/feature_tests.c.o  -o cmTC_8d166 
make[1]: Leaving directory '/home/marko/workspace/src/stp-master/cmake-build-debug/CMakeFiles/CMakeTmp'


    Feature record: C_FEATURE:1c_function_prototypes
    Feature record: C_FEATURE:0c_restrict
    Feature record: C_FEATURE:0c_static_assert
    Feature record: C_FEATURE:0c_variadic_macros
Determining if the CXX compiler works passed with the following output:
Change Dir: /home/marko/workspace/src/stp-master/cmake-build-debug/CMakeFiles/CMakeTmp

Run Build Command:"/usr/bin/make" "cmTC_844fb/fast"
/usr/bin/make -f CMakeFiles/cmTC_844fb.dir/build.make CMakeFiles/cmTC_844fb.dir/build
make[1]: Entering directory '/home/marko/workspace/src/stp-master/cmake-build-debug/CMakeFiles/CMakeTmp'
Building CXX object CMakeFiles/cmTC_844fb.dir/testCXXCompiler.cxx.o
/usr/bin/c++     -o CMakeFiles/cmTC_844fb.dir/testCXXCompiler.cxx.o -c /home/marko/workspace/src/stp-master/cmake-build-debug/CMakeFiles/CMakeTmp/testCXXCompiler.cxx
Linking CXX executable cmTC_844fb
/home/marko/software/bin/cmake -E cmake_link_script CMakeFiles/cmTC_844fb.dir/link.txt --verbose=1
/usr/bin/c++       -rdynamic CMakeFiles/cmTC_844fb.dir/testCXXCompiler.cxx.o  -o cmTC_844fb 
make[1]: Leaving directory '/home/marko/workspace/src/stp-master/cmake-build-debug/CMakeFiles/CMakeTmp'


Detecting CXX compiler ABI info compiled with the following output:
Change Dir: /home/marko/workspace/src/stp-master/cmake-build-debug/CMakeFiles/CMakeTmp

Run Build Command:"/usr/bin/make" "cmTC_3852a/fast"
/usr/bin/make -f CMakeFiles/cmTC_3852a.dir/build.make CMakeFiles/cmTC_3852a.dir/build
make[1]: Entering directory '/home/marko/workspace/src/stp-master/cmake-build-debug/CMakeFiles/CMakeTmp'
Building CXX object CMakeFiles/cmTC_3852a.dir/CMakeCXXCompilerABI.cpp.o
/usr/bin/c++     -o CMakeFiles/cmTC_3852a.dir/CMakeCXXCompilerABI.cpp.o -c /home/marko/software/share/cmake-3.9/Modules/CMakeCXXCompilerABI.cpp
Linking CXX executable cmTC_3852a
/home/marko/software/bin/cmake -E cmake_link_script CMakeFiles/cmTC_3852a.dir/link.txt --verbose=1
/usr/bin/c++      -v -rdynamic CMakeFiles/cmTC_3852a.dir/CMakeCXXCompilerABI.cpp.o  -o cmTC_3852a 
Using built-in specs.
COLLECT_GCC=/usr/bin/c++
COLLECT_LTO_WRAPPER=/usr/lib/gcc/i686-linux-gnu/5/lto-wrapper
Target: i686-linux-gnu
Configured with: ../src/configure -v --with-pkgversion='Ubuntu 5.4.0-6ubuntu1~16.04.4' --with-bugurl=file:///usr/share/doc/gcc-5/README.Bugs --enable-languages=c,ada,c++,java,go,d,fortran,objc,obj-c++ --prefix=/usr --program-suffix=-5 --enable-shared --enable-linker-build-id --libexecdir=/usr/lib --without-included-gettext --enable-threads=posix --libdir=/usr/lib --enable-nls --with-sysroot=/ --enable-clocale=gnu --enable-libstdcxx-debug --enable-libstdcxx-time=yes --with-default-libstdcxx-abi=new --enable-gnu-unique-object --disable-vtable-verify --enable-libmpx --enable-plugin --with-system-zlib --disable-browser-plugin --enable-java-awt=gtk --enable-gtk-cairo --with-java-home=/usr/lib/jvm/java-1.5.0-gcj-5-i386/jre --enable-java-home --with-jvm-root-dir=/usr/lib/jvm/java-1.5.0-gcj-5-i386 --with-jvm-jar-dir=/usr/lib/jvm-exports/java-1.5.0-gcj-5-i386 --with-arch-directory=i386 --with-ecj-jar=/usr/share/java/eclipse-ecj.jar --enable-objc-gc --enable-targets=all --enable-multiarch --disable-werror --with-arch-32=i686 --with-multilib-list=m32,m64,mx32 --enable-multilib --with-tune=generic --enable-checking=release --build=i686-linux-gnu --host=i686-linux-gnu --target=i686-linux-gnu
Thread model: posix
gcc version 5.4.0 20160609 (Ubuntu 5.4.0-6ubuntu1~16.04.4) 
COMPILER_PATH=/usr/lib/gcc/i686-linux-gnu/5/:/usr/lib/gcc/i686-linux-gnu/5/:/usr/lib/gcc/i686-linux-gnu/:/usr/lib/gcc/i686-linux-gnu/5/:/usr/lib/gcc/i686-linux-gnu/
LIBRARY_PATH=/usr/lib/gcc/i686-linux-gnu/5/:/usr/lib/gcc/i686-linux-gnu/5/../../../i386-linux-gnu/:/usr/lib/gcc/i686-linux-gnu/5/../../../../lib/:/lib/i386-linux-gnu/:/lib/../lib/:/usr/lib/i386-linux-gnu/:/usr/lib/../lib/:/usr/lib/gcc/i686-linux-gnu/5/../../../:/lib/:/usr/lib/
COLLECT_GCC_OPTIONS='-v' '-rdynamic' '-o' 'cmTC_3852a' '-shared-libgcc' '-mtune=generic' '-march=i686'
 /usr/lib/gcc/i686-linux-gnu/5/collect2 -plugin /usr/lib/gcc/i686-linux-gnu/5/liblto_plugin.so -plugin-opt=/usr/lib/gcc/i686-linux-gnu/5/lto-wrapper -plugin-opt=-fresolution=/tmp/ccQT4JCs.res -plugin-opt=-pass-through=-lgcc_s -plugin-opt=-pass-through=-lgcc -plugin-opt=-pass-through=-lc -plugin-opt=-pass-through=-lgcc_s -plugin-opt=-pass-through=-lgcc --sysroot=/ --build-id --eh-frame-hdr -m elf_i386 --hash-style=gnu --as-needed -export-dynamic -dynamic-linker /lib/ld-linux.so.2 -z relro -o cmTC_3852a /usr/lib/gcc/i686-linux-gnu/5/../../../i386-linux-gnu/crt1.o /usr/lib/gcc/i686-linux-gnu/5/../../../i386-linux-gnu/crti.o /usr/lib/gcc/i686-linux-gnu/5/crtbegin.o -L/usr/lib/gcc/i686-linux-gnu/5 -L/usr/lib/gcc/i686-linux-gnu/5/../../../i386-linux-gnu -L/usr/lib/gcc/i686-linux-gnu/5/../../../../lib -L/lib/i386-linux-gnu -L/lib/../lib -L/usr/lib/i386-linux-gnu -L/usr/lib/../lib -L/usr/lib/gcc/i686-linux-gnu/5/../../.. CMakeFiles/cmTC_3852a.dir/CMakeCXXCompilerABI.cpp.o -lstdc++ -lm -lgcc_s -lgcc -lc -lgcc_s -lgcc /usr/lib/gcc/i686-linux-gnu/5/crtend.o /usr/lib/gcc/i686-linux-gnu/5/../../../i386-linux-gnu/crtn.o
make[1]: Leaving directory '/home/marko/workspace/src/stp-master/cmake-build-debug/CMakeFiles/CMakeTmp'


Parsed CXX implicit link information from above output:
  link line regex: [^( *|.*[/\])(ld|CMAKE_LINK_STARTFILE-NOTFOUND|([^/\]+-)?ld|collect2)[^/\]*( |$)]
  ignore line: [Change Dir: /home/marko/workspace/src/stp-master/cmake-build-debug/CMakeFiles/CMakeTmp]
  ignore line: []
  ignore line: [Run Build Command:"/usr/bin/make" "cmTC_3852a/fast"]
  ignore line: [/usr/bin/make -f CMakeFiles/cmTC_3852a.dir/build.make CMakeFiles/cmTC_3852a.dir/build]
  ignore line: [make[1]: Entering directory '/home/marko/workspace/src/stp-master/cmake-build-debug/CMakeFiles/CMakeTmp']
  ignore line: [Building CXX object CMakeFiles/cmTC_3852a.dir/CMakeCXXCompilerABI.cpp.o]
  ignore line: [/usr/bin/c++     -o CMakeFiles/cmTC_3852a.dir/CMakeCXXCompilerABI.cpp.o -c /home/marko/software/share/cmake-3.9/Modules/CMakeCXXCompilerABI.cpp]
  ignore line: [Linking CXX executable cmTC_3852a]
  ignore line: [/home/marko/software/bin/cmake -E cmake_link_script CMakeFiles/cmTC_3852a.dir/link.txt --verbose=1]
  ignore line: [/usr/bin/c++      -v -rdynamic CMakeFiles/cmTC_3852a.dir/CMakeCXXCompilerABI.cpp.o  -o cmTC_3852a ]
  ignore line: [Using built-in specs.]
  ignore line: [COLLECT_GCC=/usr/bin/c++]
  ignore line: [COLLECT_LTO_WRAPPER=/usr/lib/gcc/i686-linux-gnu/5/lto-wrapper]
  ignore line: [Target: i686-linux-gnu]
  ignore line: [Configured with: ../src/configure -v --with-pkgversion='Ubuntu 5.4.0-6ubuntu1~16.04.4' --with-bugurl=file:///usr/share/doc/gcc-5/README.Bugs --enable-languages=c,ada,c++,java,go,d,fortran,objc,obj-c++ --prefix=/usr --program-suffix=-5 --enable-shared --enable-linker-build-id --libexecdir=/usr/lib --without-included-gettext --enable-threads=posix --libdir=/usr/lib --enable-nls --with-sysroot=/ --enable-clocale=gnu --enable-libstdcxx-debug --enable-libstdcxx-time=yes --with-default-libstdcxx-abi=new --enable-gnu-unique-object --disable-vtable-verify --enable-libmpx --enable-plugin --with-system-zlib --disable-browser-plugin --enable-java-awt=gtk --enable-gtk-cairo --with-java-home=/usr/lib/jvm/java-1.5.0-gcj-5-i386/jre --enable-java-home --with-jvm-root-dir=/usr/lib/jvm/java-1.5.0-gcj-5-i386 --with-jvm-jar-dir=/usr/lib/jvm-exports/java-1.5.0-gcj-5-i386 --with-arch-directory=i386 --with-ecj-jar=/usr/share/java/eclipse-ecj.jar --enable-objc-gc --enable-targets=all --enable-multiarch --disable-werror --with-arch-32=i686 --with-multilib-list=m32,m64,mx32 --enable-multilib --with-tune=generic --enable-checking=release --build=i686-linux-gnu --host=i686-linux-gnu --target=i686-linux-gnu]
  ignore line: [Thread model: posix]
  ignore line: [gcc version 5.4.0 20160609 (Ubuntu 5.4.0-6ubuntu1~16.04.4) ]
  ignore line: [COMPILER_PATH=/usr/lib/gcc/i686-linux-gnu/5/:/usr/lib/gcc/i686-linux-gnu/5/:/usr/lib/gcc/i686-linux-gnu/:/usr/lib/gcc/i686-linux-gnu/5/:/usr/lib/gcc/i686-linux-gnu/]
  ignore line: [LIBRARY_PATH=/usr/lib/gcc/i686-linux-gnu/5/:/usr/lib/gcc/i686-linux-gnu/5/../../../i386-linux-gnu/:/usr/lib/gcc/i686-linux-gnu/5/../../../../lib/:/lib/i386-linux-gnu/:/lib/../lib/:/usr/lib/i386-linux-gnu/:/usr/lib/../lib/:/usr/lib/gcc/i686-linux-gnu/5/../../../:/lib/:/usr/lib/]
  ignore line: [COLLECT_GCC_OPTIONS='-v' '-rdynamic' '-o' 'cmTC_3852a' '-shared-libgcc' '-mtune=generic' '-march=i686']
  link line: [ /usr/lib/gcc/i686-linux-gnu/5/collect2 -plugin /usr/lib/gcc/i686-linux-gnu/5/liblto_plugin.so -plugin-opt=/usr/lib/gcc/i686-linux-gnu/5/lto-wrapper -plugin-opt=-fresolution=/tmp/ccQT4JCs.res -plugin-opt=-pass-through=-lgcc_s -plugin-opt=-pass-through=-lgcc -plugin-opt=-pass-through=-lc -plugin-opt=-pass-through=-lgcc_s -plugin-opt=-pass-through=-lgcc --sysroot=/ --build-id --eh-frame-hdr -m elf_i386 --hash-style=gnu --as-needed -export-dynamic -dynamic-linker /lib/ld-linux.so.2 -z relro -o cmTC_3852a /usr/lib/gcc/i686-linux-gnu/5/../../../i386-linux-gnu/crt1.o /usr/lib/gcc/i686-linux-gnu/5/../../../i386-linux-gnu/crti.o /usr/lib/gcc/i686-linux-gnu/5/crtbegin.o -L/usr/lib/gcc/i686-linux-gnu/5 -L/usr/lib/gcc/i686-linux-gnu/5/../../../i386-linux-gnu -L/usr/lib/gcc/i686-linux-gnu/5/../../../../lib -L/lib/i386-linux-gnu -L/lib/../lib -L/usr/lib/i386-linux-gnu -L/usr/lib/../lib -L/usr/lib/gcc/i686-linux-gnu/5/../../.. CMakeFiles/cmTC_3852a.dir/CMakeCXXCompilerABI.cpp.o -lstdc++ -lm -lgcc_s -lgcc -lc -lgcc_s -lgcc /usr/lib/gcc/i686-linux-gnu/5/crtend.o /usr/lib/gcc/i686-linux-gnu/5/../../../i386-linux-gnu/crtn.o]
    arg [/usr/lib/gcc/i686-linux-gnu/5/collect2] ==> ignore
    arg [-plugin] ==> ignore
    arg [/usr/lib/gcc/i686-linux-gnu/5/liblto_plugin.so] ==> ignore
    arg [-plugin-opt=/usr/lib/gcc/i686-linux-gnu/5/lto-wrapper] ==> ignore
    arg [-plugin-opt=-fresolution=/tmp/ccQT4JCs.res] ==> ignore
    arg [-plugin-opt=-pass-through=-lgcc_s] ==> ignore
    arg [-plugin-opt=-pass-through=-lgcc] ==> ignore
    arg [-plugin-opt=-pass-through=-lc] ==> ignore
    arg [-plugin-opt=-pass-through=-lgcc_s] ==> ignore
    arg [-plugin-opt=-pass-through=-lgcc] ==> ignore
    arg [--sysroot=/] ==> ignore
    arg [--build-id] ==> ignore
    arg [--eh-frame-hdr] ==> ignore
    arg [-m] ==> ignore
    arg [elf_i386] ==> ignore
    arg [--hash-style=gnu] ==> ignore
    arg [--as-needed] ==> ignore
    arg [-export-dynamic] ==> ignore
    arg [-dynamic-linker] ==> ignore
    arg [/lib/ld-linux.so.2] ==> ignore
    arg [-zrelro] ==> ignore
    arg [-o] ==> ignore
    arg [cmTC_3852a] ==> ignore
    arg [/usr/lib/gcc/i686-linux-gnu/5/../../../i386-linux-gnu/crt1.o] ==> ignore
    arg [/usr/lib/gcc/i686-linux-gnu/5/../../../i386-linux-gnu/crti.o] ==> ignore
    arg [/usr/lib/gcc/i686-linux-gnu/5/crtbegin.o] ==> ignore
    arg [-L/usr/lib/gcc/i686-linux-gnu/5] ==> dir [/usr/lib/gcc/i686-linux-gnu/5]
    arg [-L/usr/lib/gcc/i686-linux-gnu/5/../../../i386-linux-gnu] ==> dir [/usr/lib/gcc/i686-linux-gnu/5/../../../i386-linux-gnu]
    arg [-L/usr/lib/gcc/i686-linux-gnu/5/../../../../lib] ==> dir [/usr/lib/gcc/i686-linux-gnu/5/../../../../lib]
    arg [-L/lib/i386-linux-gnu] ==> dir [/lib/i386-linux-gnu]
    arg [-L/lib/../lib] ==> dir [/lib/../lib]
    arg [-L/usr/lib/i386-linux-gnu] ==> dir [/usr/lib/i386-linux-gnu]
    arg [-L/usr/lib/../lib] ==> dir [/usr/lib/../lib]
    arg [-L/usr/lib/gcc/i686-linux-gnu/5/../../..] ==> dir [/usr/lib/gcc/i686-linux-gnu/5/../../..]
    arg [CMakeFiles/cmTC_3852a.dir/CMakeCXXCompilerABI.cpp.o] ==> ignore
    arg [-lstdc++] ==> lib [stdc++]
    arg [-lm] ==> lib [m]
    arg [-lgcc_s] ==> lib [gcc_s]
    arg [-lgcc] ==> lib [gcc]
    arg [-lc] ==> lib [c]
    arg [-lgcc_s] ==> lib [gcc_s]
    arg [-lgcc] ==> lib [gcc]
    arg [/usr/lib/gcc/i686-linux-gnu/5/crtend.o] ==> ignore
    arg [/usr/lib/gcc/i686-linux-gnu/5/../../../i386-linux-gnu/crtn.o] ==> ignore
  collapse library dir [/usr/lib/gcc/i686-linux-gnu/5] ==> [/usr/lib/gcc/i686-linux-gnu/5]
  collapse library dir [/usr/lib/gcc/i686-linux-gnu/5/../../../i386-linux-gnu] ==> [/usr/lib/i386-linux-gnu]
  collapse library dir [/usr/lib/gcc/i686-linux-gnu/5/../../../../lib] ==> [/usr/lib]
  collapse library dir [/lib/i386-linux-gnu] ==> [/lib/i386-linux-gnu]
  collapse library dir [/lib/../lib] ==> [/lib]
  collapse library dir [/usr/lib/i386-linux-gnu] ==> [/usr/lib/i386-linux-gnu]
  collapse library dir [/usr/lib/../lib] ==> [/usr/lib]
  collapse library dir [/usr/lib/gcc/i686-linux-gnu/5/../../..] ==> [/usr/lib]
  implicit libs: [stdc++;m;gcc_s;gcc;c;gcc_s;gcc]
  implicit dirs: [/usr/lib/gcc/i686-linux-gnu/5;/usr/lib/i386-linux-gnu;/usr/lib;/lib/i386-linux-gnu;/lib]
  implicit fwks: []




Detecting CXX [-std=c++1z] compiler features compiled with the following output:
Change Dir: /home/marko/workspace/src/stp-master/cmake-build-debug/CMakeFiles/CMakeTmp

Run Build Command:"/usr/bin/make" "cmTC_7bf8a/fast"
/usr/bin/make -f CMakeFiles/cmTC_7bf8a.dir/build.make CMakeFiles/cmTC_7bf8a.dir/build
make[1]: Entering directory '/home/marko/workspace/src/stp-master/cmake-build-debug/CMakeFiles/CMakeTmp'
Building CXX object CMakeFiles/cmTC_7bf8a.dir/feature_tests.cxx.o
/usr/bin/c++    -std=c++1z -o CMakeFiles/cmTC_7bf8a.dir/feature_tests.cxx.o -c /home/marko/workspace/src/stp-master/cmake-build-debug/CMakeFiles/feature_tests.cxx
Linking CXX executable cmTC_7bf8a
/home/marko/software/bin/cmake -E cmake_link_script CMakeFiles/cmTC_7bf8a.dir/link.txt --verbose=1
/usr/bin/c++       -rdynamic CMakeFiles/cmTC_7bf8a.dir/feature_tests.cxx.o  -o cmTC_7bf8a 
make[1]: Leaving directory '/home/marko/workspace/src/stp-master/cmake-build-debug/CMakeFiles/CMakeTmp'


    Feature record: CXX_FEATURE:1cxx_aggregate_default_initializers
    Feature record: CXX_FEATURE:1cxx_alias_templates
    Feature record: CXX_FEATURE:1cxx_alignas
    Feature record: CXX_FEATURE:1cxx_alignof
    Feature record: CXX_FEATURE:1cxx_attributes
    Feature record: CXX_FEATURE:1cxx_attribute_deprecated
    Feature record: CXX_FEATURE:1cxx_auto_type
    Feature record: CXX_FEATURE:1cxx_binary_literals
    Feature record: CXX_FEATURE:1cxx_constexpr
    Feature record: CXX_FEATURE:1cxx_contextual_conversions
    Feature record: CXX_FEATURE:1cxx_decltype
    Feature record: CXX_FEATURE:1cxx_decltype_auto
    Feature record: CXX_FEATURE:1cxx_decltype_incomplete_return_types
    Feature record: CXX_FEATURE:1cxx_default_function_template_args
    Feature record: CXX_FEATURE:1cxx_defaulted_functions
    Feature record: CXX_FEATURE:1cxx_defaulted_move_initializers
    Feature record: CXX_FEATURE:1cxx_delegating_constructors
    Feature record: CXX_FEATURE:1cxx_deleted_functions
    Feature record: CXX_FEATURE:1cxx_digit_separators
    Feature record: CXX_FEATURE:1cxx_enum_forward_declarations
    Feature record: CXX_FEATURE:1cxx_explicit_conversions
    Feature record: CXX_FEATURE:1cxx_extended_friend_declarations
    Feature record: CXX_FEATURE:1cxx_extern_templates
    Feature record: CXX_FEATURE:1cxx_final
    Feature record: CXX_FEATURE:1cxx_func_identifier
    Feature record: CXX_FEATURE:1cxx_generalized_initializers
    Feature record: CXX_FEATURE:1cxx_generic_lambdas
    Feature record: CXX_FEATURE:1cxx_inheriting_constructors
    Feature record: CXX_FEATURE:1cxx_inline_namespaces
    Feature record: CXX_FEATURE:1cxx_lambdas
    Feature record: CXX_FEATURE:1cxx_lambda_init_captures
    Feature record: CXX_FEATURE:1cxx_local_type_template_args
    Feature record: CXX_FEATURE:1cxx_long_long_type
    Feature record: CXX_FEATURE:1cxx_noexcept
    Feature record: CXX_FEATURE:1cxx_nonstatic_member_init
    Feature record: CXX_FEATURE:1cxx_nullptr
    Feature record: CXX_FEATURE:1cxx_override
    Feature record: CXX_FEATURE:1cxx_range_for
    Feature record: CXX_FEATURE:1cxx_raw_string_literals
    Feature record: CXX_FEATURE:1cxx_reference_qualified_functions
    Feature record: CXX_FEATURE:1cxx_relaxed_constexpr
    Feature record: CXX_FEATURE:1cxx_return_type_deduction
    Feature record: CXX_FEATURE:1cxx_right_angle_brackets
    Feature record: CXX_FEATURE:1cxx_rvalue_references
    Feature record: CXX_FEATURE:1cxx_sizeof_member
    Feature record: CXX_FEATURE:1cxx_static_assert
    Feature record: CXX_FEATURE:1cxx_strong_enums
    Feature record: CXX_FEATURE:1cxx_template_template_parameters
    Feature record: CXX_FEATURE:1cxx_thread_local
    Feature record: CXX_FEATURE:1cxx_trailing_return_types
    Feature record: CXX_FEATURE:1cxx_unicode_literals
    Feature record: CXX_FEATURE:1cxx_uniform_initialization
    Feature record: CXX_FEATURE:1cxx_unrestricted_unions
    Feature record: CXX_FEATURE:1cxx_user_literals
    Feature record: CXX_FEATURE:1cxx_variable_templates
    Feature record: CXX_FEATURE:1cxx_variadic_macros
    Feature record: CXX_FEATURE:1cxx_variadic_templates


Detecting CXX [-std=c++14] compiler features compiled with the following output:
Change Dir: /home/marko/workspace/src/stp-master/cmake-build-debug/CMakeFiles/CMakeTmp

Run Build Command:"/usr/bin/make" "cmTC_0c2b8/fast"
/usr/bin/make -f CMakeFiles/cmTC_0c2b8.dir/build.make CMakeFiles/cmTC_0c2b8.dir/build
make[1]: Entering directory '/home/marko/workspace/src/stp-master/cmake-build-debug/CMakeFiles/CMakeTmp'
Building CXX object CMakeFiles/cmTC_0c2b8.dir/feature_tests.cxx.o
/usr/bin/c++    -std=c++14 -o CMakeFiles/cmTC_0c2b8.dir/feature_tests.cxx.o -c /home/marko/workspace/src/stp-master/cmake-build-debug/CMakeFiles/feature_tests.cxx
Linking CXX executable cmTC_0c2b8
/home/marko/software/bin/cmake -E cmake_link_script CMakeFiles/cmTC_0c2b8.dir/link.txt --verbose=1
/usr/bin/c++       -rdynamic CMakeFiles/cmTC_0c2b8.dir/feature_tests.cxx.o  -o cmTC_0c2b8 
make[1]: Leaving directory '/home/marko/workspace/src/stp-master/cmake-build-debug/CMakeFiles/CMakeTmp'


    Feature record: CXX_FEATURE:1cxx_aggregate_default_initializers
    Feature record: CXX_FEATURE:1cxx_alias_templates
    Feature record: CXX_FEATURE:1cxx_alignas
    Feature record: CXX_FEATURE:1cxx_alignof
    Feature record: CXX_FEATURE:1cxx_attributes
    Feature record: CXX_FEATURE:1cxx_attribute_deprecated
    Feature record: CXX_FEATURE:1cxx_auto_type
    Feature record: CXX_FEATURE:1cxx_binary_literals
    Feature record: CXX_FEATURE:1cxx_constexpr
    Feature record: CXX_FEATURE:1cxx_contextual_conversions
    Feature record: CXX_FEATURE:1cxx_decltype
    Feature record: CXX_FEATURE:1cxx_decltype_auto
    Feature record: CXX_FEATURE:1cxx_decltype_incomplete_return_types
    Feature record: CXX_FEATURE:1cxx_default_function_template_args
    Feature record: CXX_FEATURE:1cxx_defaulted_functions
    Feature record: CXX_FEATURE:1cxx_defaulted_move_initializers
    Feature record: CXX_FEATURE:1cxx_delegating_constructors
    Feature record: CXX_FEATURE:1cxx_deleted_functions
    Feature record: CXX_FEATURE:1cxx_digit_separators
    Feature record: CXX_FEATURE:1cxx_enum_forward_declarations
    Feature record: CXX_FEATURE:1cxx_explicit_conversions
    Feature record: CXX_FEATURE:1cxx_extended_friend_declarations
    Feature record: CXX_FEATURE:1cxx_extern_templates
    Feature record: CXX_FEATURE:1cxx_final
    Feature record: CXX_FEATURE:1cxx_func_identifier
    Feature record: CXX_FEATURE:1cxx_generalized_initializers
    Feature record: CXX_FEATURE:1cxx_generic_lambdas
    Feature record: CXX_FEATURE:1cxx_inheriting_constructors
    Feature record: CXX_FEATURE:1cxx_inline_namespaces
    Feature record: CXX_FEATURE:1cxx_lambdas
    Feature record: CXX_FEATURE:1cxx_lambda_init_captures
    Feature record: CXX_FEATURE:1cxx_local_type_template_args
    Feature record: CXX_FEATURE:1cxx_long_long_type
    Feature record: CXX_FEATURE:1cxx_noexcept
    Feature record: CXX_FEATURE:1cxx_nonstatic_member_init
    Feature record: CXX_FEATURE:1cxx_nullptr
    Feature record: CXX_FEATURE:1cxx_override
    Feature record: CXX_FEATURE:1cxx_range_for
    Feature record: CXX_FEATURE:1cxx_raw_string_literals
    Feature record: CXX_FEATURE:1cxx_reference_qualified_functions
    Feature record: CXX_FEATURE:1cxx_relaxed_constexpr
    Feature record: CXX_FEATURE:1cxx_return_type_deduction
    Feature record: CXX_FEATURE:1cxx_right_angle_brackets
    Feature record: CXX_FEATURE:1cxx_rvalue_references
    Feature record: CXX_FEATURE:1cxx_sizeof_member
    Feature record: CXX_FEATURE:1cxx_static_assert
    Feature record: CXX_FEATURE:1cxx_strong_enums
    Feature record: CXX_FEATURE:1cxx_template_template_parameters
    Feature record: CXX_FEATURE:1cxx_thread_local
    Feature record: CXX_FEATURE:1cxx_trailing_return_types
    Feature record: CXX_FEATURE:1cxx_unicode_literals
    Feature record: CXX_FEATURE:1cxx_uniform_initialization
    Feature record: CXX_FEATURE:1cxx_unrestricted_unions
    Feature record: CXX_FEATURE:1cxx_user_literals
    Feature record: CXX_FEATURE:1cxx_variable_templates
    Feature record: CXX_FEATURE:1cxx_variadic_macros
    Feature record: CXX_FEATURE:1cxx_variadic_templates


Detecting CXX [-std=c++11] compiler features compiled with the following output:
Change Dir: /home/marko/workspace/src/stp-master/cmake-build-debug/CMakeFiles/CMakeTmp

Run Build Command:"/usr/bin/make" "cmTC_7e790/fast"
/usr/bin/make -f CMakeFiles/cmTC_7e790.dir/build.make CMakeFiles/cmTC_7e790.dir/build
make[1]: Entering directory '/home/marko/workspace/src/stp-master/cmake-build-debug/CMakeFiles/CMakeTmp'
Building CXX object CMakeFiles/cmTC_7e790.dir/feature_tests.cxx.o
/usr/bin/c++    -std=c++11 -o CMakeFiles/cmTC_7e790.dir/feature_tests.cxx.o -c /home/marko/workspace/src/stp-master/cmake-build-debug/CMakeFiles/feature_tests.cxx
Linking CXX executable cmTC_7e790
/home/marko/software/bin/cmake -E cmake_link_script CMakeFiles/cmTC_7e790.dir/link.txt --verbose=1
/usr/bin/c++       -rdynamic CMakeFiles/cmTC_7e790.dir/feature_tests.cxx.o  -o cmTC_7e790 
make[1]: Leaving directory '/home/marko/workspace/src/stp-master/cmake-build-debug/CMakeFiles/CMakeTmp'


    Feature record: CXX_FEATURE:0cxx_aggregate_default_initializers
    Feature record: CXX_FEATURE:1cxx_alias_templates
    Feature record: CXX_FEATURE:1cxx_alignas
    Feature record: CXX_FEATURE:1cxx_alignof
    Feature record: CXX_FEATURE:1cxx_attributes
    Feature record: CXX_FEATURE:0cxx_attribute_deprecated
    Feature record: CXX_FEATURE:1cxx_auto_type
    Feature record: CXX_FEATURE:0cxx_binary_literals
    Feature record: CXX_FEATURE:1cxx_constexpr
    Feature record: CXX_FEATURE:0cxx_contextual_conversions
    Feature record: CXX_FEATURE:1cxx_decltype
    Feature record: CXX_FEATURE:0cxx_decltype_auto
    Feature record: CXX_FEATURE:1cxx_decltype_incomplete_return_types
    Feature record: CXX_FEATURE:1cxx_default_function_template_args
    Feature record: CXX_FEATURE:1cxx_defaulted_functions
    Feature record: CXX_FEATURE:1cxx_defaulted_move_initializers
    Feature record: CXX_FEATURE:1cxx_delegating_constructors
    Feature record: CXX_FEATURE:1cxx_deleted_functions
    Feature record: CXX_FEATURE:0cxx_digit_separators
    Feature record: CXX_FEATURE:1cxx_enum_forward_declarations
    Feature record: CXX_FEATURE:1cxx_explicit_conversions
    Feature record: CXX_FEATURE:1cxx_extended_friend_declarations
    Feature record: CXX_FEATURE:1cxx_extern_templates
    Feature record: CXX_FEATURE:1cxx_final
    Feature record: CXX_FEATURE:1cxx_func_identifier
    Feature record: CXX_FEATURE:1cxx_generalized_initializers
    Feature record: CXX_FEATURE:0cxx_generic_lambdas
    Feature record: CXX_FEATURE:1cxx_inheriting_constructors
    Feature record: CXX_FEATURE:1cxx_inline_namespaces
    Feature record: CXX_FEATURE:1cxx_lambdas
    Feature record: CXX_FEATURE:0cxx_lambda_init_captures
    Feature record: CXX_FEATURE:1cxx_local_type_template_args
    Feature record: CXX_FEATURE:1cxx_long_long_type
    Feature record: CXX_FEATURE:1cxx_noexcept
    Feature record: CXX_FEATURE:1cxx_nonstatic_member_init
    Feature record: CXX_FEATURE:1cxx_nullptr
    Feature record: CXX_FEATURE:1cxx_override
    Feature record: CXX_FEATURE:1cxx_range_for
    Feature record: CXX_FEATURE:1cxx_raw_string_literals
    Feature record: CXX_FEATURE:1cxx_reference_qualified_functions
    Feature record: CXX_FEATURE:0cxx_relaxed_constexpr
    Feature record: CXX_FEATURE:0cxx_return_type_deduction
    Feature record: CXX_FEATURE:1cxx_right_angle_brackets
    Feature record: CXX_FEATURE:1cxx_rvalue_references
    Feature record: CXX_FEATURE:1cxx_sizeof_member
    Feature record: CXX_FEATURE:1cxx_static_assert
    Feature record: CXX_FEATURE:1cxx_strong_enums
    Feature record: CXX_FEATURE:1cxx_template_template_parameters
    Feature record: CXX_FEATURE:1cxx_thread_local
    Feature record: CXX_FEATURE:1cxx_trailing_return_types
    Feature record: CXX_FEATURE:1cxx_unicode_literals
    Feature record: CXX_FEATURE:1cxx_uniform_initialization
    Feature record: CXX_FEATURE:1cxx_unrestricted_unions
    Feature record: CXX_FEATURE:1cxx_user_literals
    Feature record: CXX_FEATURE:0cxx_variable_templates
    Feature record: CXX_FEATURE:1cxx_variadic_macros
    Feature record: CXX_FEATURE:1cxx_variadic_templates


Detecting CXX [-std=c++98] compiler features compiled with the following output:
Change Dir: /home/marko/workspace/src/stp-master/cmake-build-debug/CMakeFiles/CMakeTmp

Run Build Command:"/usr/bin/make" "cmTC_83973/fast"
/usr/bin/make -f CMakeFiles/cmTC_83973.dir/build.make CMakeFiles/cmTC_83973.dir/build
make[1]: Entering directory '/home/marko/workspace/src/stp-master/cmake-build-debug/CMakeFiles/CMakeTmp'
Building CXX object CMakeFiles/cmTC_83973.dir/feature_tests.cxx.o
/usr/bin/c++    -std=c++98 -o CMakeFiles/cmTC_83973.dir/feature_tests.cxx.o -c /home/marko/workspace/src/stp-master/cmake-build-debug/CMakeFiles/feature_tests.cxx
Linking CXX executable cmTC_83973
/home/marko/software/bin/cmake -E cmake_link_script CMakeFiles/cmTC_83973.dir/link.txt --verbose=1
/usr/bin/c++       -rdynamic CMakeFiles/cmTC_83973.dir/feature_tests.cxx.o  -o cmTC_83973 
make[1]: Leaving directory '/home/marko/workspace/src/stp-master/cmake-build-debug/CMakeFiles/CMakeTmp'


    Feature record: CXX_FEATURE:0cxx_aggregate_default_initializers
    Feature record: CXX_FEATURE:0cxx_alias_templates
    Feature record: CXX_FEATURE:0cxx_alignas
    Feature record: CXX_FEATURE:0cxx_alignof
    Feature record: CXX_FEATURE:0cxx_attributes
    Feature record: CXX_FEATURE:0cxx_attribute_deprecated
    Feature record: CXX_FEATURE:0cxx_auto_type
    Feature record: CXX_FEATURE:0cxx_binary_literals
    Feature record: CXX_FEATURE:0cxx_constexpr
    Feature record: CXX_FEATURE:0cxx_contextual_conversions
    Feature record: CXX_FEATURE:0cxx_decltype
    Feature record: CXX_FEATURE:0cxx_decltype_auto
    Feature record: CXX_FEATURE:0cxx_decltype_incomplete_return_types
    Feature record: CXX_FEATURE:0cxx_default_function_template_args
    Feature record: CXX_FEATURE:0cxx_defaulted_functions
    Feature record: CXX_FEATURE:0cxx_defaulted_move_initializers
    Feature record: CXX_FEATURE:0cxx_delegating_constructors
    Feature record: CXX_FEATURE:0cxx_deleted_functions
    Feature record: CXX_FEATURE:0cxx_digit_separators
    Feature record: CXX_FEATURE:0cxx_enum_forward_declarations
    Feature record: CXX_FEATURE:0cxx_explicit_conversions
    Feature record: CXX_FEATURE:0cxx_extended_friend_declarations
    Feature record: CXX_FEATURE:0cxx_extern_templates
    Feature record: CXX_FEATURE:0cxx_final
    Feature record: CXX_FEATURE:0cxx_func_identifier
    Feature record: CXX_FEATURE:0cxx_generalized_initializers
    Feature record: CXX_FEATURE:0cxx_generic_lambdas
    Feature record: CXX_FEATURE:0cxx_inheriting_constructors
    Feature record: CXX_FEATURE:0cxx_inline_namespaces
    Feature record: CXX_FEATURE:0cxx_lambdas
    Feature record: CXX_FEATURE:0cxx_lambda_init_captures
    Feature record: CXX_FEATURE:0cxx_local_type_template_args
    Feature record: CXX_FEATURE:0cxx_long_long_type
    Feature record: CXX_FEATURE:0cxx_noexcept
    Feature record: CXX_FEATURE:0cxx_nonstatic_member_init
    Feature record: CXX_FEATURE:0cxx_nullptr
    Feature record: CXX_FEATURE:0cxx_override
    Feature record: CXX_FEATURE:0cxx_range_for
    Feature record: CXX_FEATURE:0cxx_raw_string_literals
    Feature record: CXX_FEATURE:0cxx_reference_qualified_functions
    Feature record: CXX_FEATURE:0cxx_relaxed_constexpr
    Feature record: CXX_FEATURE:0cxx_return_type_deduction
    Feature record: CXX_FEATURE:0cxx_right_angle_brackets
    Feature record: CXX_FEATURE:0cxx_rvalue_references
    Feature record: CXX_FEATURE:0cxx_sizeof_member
    Feature record: CXX_FEATURE:0cxx_static_assert
    Feature record: CXX_FEATURE:0cxx_strong_enums
    Feature record: CXX_FEATURE:1cxx_template_template_parameters
    Feature record: CXX_FEATURE:0cxx_thread_local
    Feature record: CXX_FEATURE:0cxx_trailing_return_types
    Feature record: CXX_FEATURE:0cxx_unicode_literals
    Feature record: CXX_FEATURE:0cxx_uniform_initialization
    Feature record: CXX_FEATURE:0cxx_unrestricted_unions
    Feature record: CXX_FEATURE:0cxx_user_literals
    Feature record: CXX_FEATURE:0cxx_variable_templates
    Feature record: CXX_FEATURE:0cxx_variadic_macros
    Feature record: CXX_FEATURE:0cxx_variadic_templates
Performing C++ SOURCE FILE Test HAVE_FLAG_STD_CPP11 succeeded with the following output:
Change Dir: /home/marko/workspace/src/stp-master/cmake-build-debug/CMakeFiles/CMakeTmp

Run Build Command:"/usr/bin/make" "cmTC_777e4/fast"
/usr/bin/make -f CMakeFiles/cmTC_777e4.dir/build.make CMakeFiles/cmTC_777e4.dir/build
make[1]: Entering directory '/home/marko/workspace/src/stp-master/cmake-build-debug/CMakeFiles/CMakeTmp'
Building CXX object CMakeFiles/cmTC_777e4.dir/src.cxx.o
/usr/bin/c++    -DHAVE_FLAG_STD_CPP11   -std=c++11 -o CMakeFiles/cmTC_777e4.dir/src.cxx.o -c /home/marko/workspace/src/stp-master/cmake-build-debug/CMakeFiles/CMakeTmp/src.cxx
Linking CXX executable cmTC_777e4
/home/marko/software/bin/cmake -E cmake_link_script CMakeFiles/cmTC_777e4.dir/link.txt --verbose=1
/usr/bin/c++   -DHAVE_FLAG_STD_CPP11    -rdynamic CMakeFiles/cmTC_777e4.dir/src.cxx.o  -o cmTC_777e4 
make[1]: Leaving directory '/home/marko/workspace/src/stp-master/cmake-build-debug/CMakeFiles/CMakeTmp'

Source file was:
int main() { return 0; }
Performing C++ SOURCE FILE Test HAVE_FLAG_STD_GNUCPP11 succeeded with the following output:
Change Dir: /home/marko/workspace/src/stp-master/cmake-build-debug/CMakeFiles/CMakeTmp

Run Build Command:"/usr/bin/make" "cmTC_ee1cc/fast"
/usr/bin/make -f CMakeFiles/cmTC_ee1cc.dir/build.make CMakeFiles/cmTC_ee1cc.dir/build
make[1]: Entering directory '/home/marko/workspace/src/stp-master/cmake-build-debug/CMakeFiles/CMakeTmp'
Building CXX object CMakeFiles/cmTC_ee1cc.dir/src.cxx.o
/usr/bin/c++    -DHAVE_FLAG_STD_GNUCPP11   -std=gnu++11 -o CMakeFiles/cmTC_ee1cc.dir/src.cxx.o -c /home/marko/workspace/src/stp-master/cmake-build-debug/CMakeFiles/CMakeTmp/src.cxx
Linking CXX executable cmTC_ee1cc
/home/marko/software/bin/cmake -E cmake_link_script CMakeFiles/cmTC_ee1cc.dir/link.txt --verbose=1
/usr/bin/c++   -DHAVE_FLAG_STD_GNUCPP11    -rdynamic CMakeFiles/cmTC_ee1cc.dir/src.cxx.o  -o cmTC_ee1cc 
make[1]: Leaving directory '/home/marko/workspace/src/stp-master/cmake-build-debug/CMakeFiles/CMakeTmp'

Source file was:
int main() { return 0; }
Performing C++ SOURCE FILE Test HAVE_FLAG_STD_GNUCPP0X succeeded with the following output:
Change Dir: /home/marko/workspace/src/stp-master/cmake-build-debug/CMakeFiles/CMakeTmp

Run Build Command:"/usr/bin/make" "cmTC_b548d/fast"
/usr/bin/make -f CMakeFiles/cmTC_b548d.dir/build.make CMakeFiles/cmTC_b548d.dir/build
make[1]: Entering directory '/home/marko/workspace/src/stp-master/cmake-build-debug/CMakeFiles/CMakeTmp'
Building CXX object CMakeFiles/cmTC_b548d.dir/src.cxx.o
/usr/bin/c++    -DHAVE_FLAG_STD_GNUCPP0X   -std=gnu++0x -o CMakeFiles/cmTC_b548d.dir/src.cxx.o -c /home/marko/workspace/src/stp-master/cmake-build-debug/CMakeFiles/CMakeTmp/src.cxx
Linking CXX executable cmTC_b548d
/home/marko/software/bin/cmake -E cmake_link_script CMakeFiles/cmTC_b548d.dir/link.txt --verbose=1
/usr/bin/c++   -DHAVE_FLAG_STD_GNUCPP0X    -rdynamic CMakeFiles/cmTC_b548d.dir/src.cxx.o  -o cmTC_b548d 
make[1]: Leaving directory '/home/marko/workspace/src/stp-master/cmake-build-debug/CMakeFiles/CMakeTmp'

Source file was:
int main() { return 0; }
Performing C++ SOURCE FILE Test HAVE_FLAG_STD_CPP0X succeeded with the following output:
Change Dir: /home/marko/workspace/src/stp-master/cmake-build-debug/CMakeFiles/CMakeTmp

Run Build Command:"/usr/bin/make" "cmTC_3f50f/fast"
/usr/bin/make -f CMakeFiles/cmTC_3f50f.dir/build.make CMakeFiles/cmTC_3f50f.dir/build
make[1]: Entering directory '/home/marko/workspace/src/stp-master/cmake-build-debug/CMakeFiles/CMakeTmp'
Building CXX object CMakeFiles/cmTC_3f50f.dir/src.cxx.o
/usr/bin/c++    -DHAVE_FLAG_STD_CPP0X   -std=c++0x -o CMakeFiles/cmTC_3f50f.dir/src.cxx.o -c /home/marko/workspace/src/stp-master/cmake-build-debug/CMakeFiles/CMakeTmp/src.cxx
Linking CXX executable cmTC_3f50f
/home/marko/software/bin/cmake -E cmake_link_script CMakeFiles/cmTC_3f50f.dir/link.txt --verbose=1
/usr/bin/c++   -DHAVE_FLAG_STD_CPP0X    -rdynamic CMakeFiles/cmTC_3f50f.dir/src.cxx.o  -o cmTC_3f50f 
make[1]: Leaving directory '/home/marko/workspace/src/stp-master/cmake-build-debug/CMakeFiles/CMakeTmp'

Source file was:
int main() { return 0; }
Performing C++ SOURCE FILE Test HAVE_FLAG_CPP03 succeeded with the following output:
Change Dir: /home/marko/workspace/src/stp-master/cmake-build-debug/CMakeFiles/CMakeTmp

Run Build Command:"/usr/bin/make" "cmTC_e569a/fast"
/usr/bin/make -f CMakeFiles/cmTC_e569a.dir/build.make CMakeFiles/cmTC_e569a.dir/build
make[1]: Entering directory '/home/marko/workspace/src/stp-master/cmake-build-debug/CMakeFiles/CMakeTmp'
Building CXX object CMakeFiles/cmTC_e569a.dir/src.cxx.o
/usr/bin/c++    -DHAVE_FLAG_CPP03   -std=c++03 -o CMakeFiles/cmTC_e569a.dir/src.cxx.o -c /home/marko/workspace/src/stp-master/cmake-build-debug/CMakeFiles/CMakeTmp/src.cxx
Linking CXX executable cmTC_e569a
/home/marko/software/bin/cmake -E cmake_link_script CMakeFiles/cmTC_e569a.dir/link.txt --verbose=1
/usr/bin/c++   -DHAVE_FLAG_CPP03    -rdynamic CMakeFiles/cmTC_e569a.dir/src.cxx.o  -o cmTC_e569a 
make[1]: Leaving directory '/home/marko/workspace/src/stp-master/cmake-build-debug/CMakeFiles/CMakeTmp'

Source file was:
int main() { return 0; }
Performing C++ SOURCE FILE Test HAVE_FLAG_-Wall succeeded with the following output:
Change Dir: /home/marko/workspace/src/stp-master/cmake-build-debug/CMakeFiles/CMakeTmp

Run Build Command:"/usr/bin/make" "cmTC_246d5/fast"
/usr/bin/make -f CMakeFiles/cmTC_246d5.dir/build.make CMakeFiles/cmTC_246d5.dir/build
make[1]: Entering directory '/home/marko/workspace/src/stp-master/cmake-build-debug/CMakeFiles/CMakeTmp'
Building CXX object CMakeFiles/cmTC_246d5.dir/src.cxx.o
/usr/bin/c++    -std=c++11  -DHAVE_FLAG_-Wall   -Wall -o CMakeFiles/cmTC_246d5.dir/src.cxx.o -c /home/marko/workspace/src/stp-master/cmake-build-debug/CMakeFiles/CMakeTmp/src.cxx
<command-line>:0:11: warning: ISO C++11 requires whitespace after the macro name
Linking CXX executable cmTC_246d5
/home/marko/software/bin/cmake -E cmake_link_script CMakeFiles/cmTC_246d5.dir/link.txt --verbose=1
/usr/bin/c++  -std=c++11  -DHAVE_FLAG_-Wall    -rdynamic CMakeFiles/cmTC_246d5.dir/src.cxx.o  -o cmTC_246d5 
make[1]: Leaving directory '/home/marko/workspace/src/stp-master/cmake-build-debug/CMakeFiles/CMakeTmp'

Source file was:
int main() { return 0; }
Performing C++ SOURCE FILE Test HAVE_FLAG_-Wextra succeeded with the following output:
Change Dir: /home/marko/workspace/src/stp-master/cmake-build-debug/CMakeFiles/CMakeTmp

Run Build Command:"/usr/bin/make" "cmTC_e3824/fast"
/usr/bin/make -f CMakeFiles/cmTC_e3824.dir/build.make CMakeFiles/cmTC_e3824.dir/build
make[1]: Entering directory '/home/marko/workspace/src/stp-master/cmake-build-debug/CMakeFiles/CMakeTmp'
Building CXX object CMakeFiles/cmTC_e3824.dir/src.cxx.o
/usr/bin/c++    -std=c++11  -Wall -DHAVE_FLAG_-Wextra   -Wextra -o CMakeFiles/cmTC_e3824.dir/src.cxx.o -c /home/marko/workspace/src/stp-master/cmake-build-debug/CMakeFiles/CMakeTmp/src.cxx
<command-line>:0:11: warning: ISO C++11 requires whitespace after the macro name
Linking CXX executable cmTC_e3824
/home/marko/software/bin/cmake -E cmake_link_script CMakeFiles/cmTC_e3824.dir/link.txt --verbose=1
/usr/bin/c++  -std=c++11  -Wall -DHAVE_FLAG_-Wextra    -rdynamic CMakeFiles/cmTC_e3824.dir/src.cxx.o  -o cmTC_e3824 
make[1]: Leaving directory '/home/marko/workspace/src/stp-master/cmake-build-debug/CMakeFiles/CMakeTmp'

Source file was:
int main() { return 0; }
Performing C++ SOURCE FILE Test HAVE_FLAG_-Wunused succeeded with the following output:
Change Dir: /home/marko/workspace/src/stp-master/cmake-build-debug/CMakeFiles/CMakeTmp

Run Build Command:"/usr/bin/make" "cmTC_01d58/fast"
/usr/bin/make -f CMakeFiles/cmTC_01d58.dir/build.make CMakeFiles/cmTC_01d58.dir/build
make[1]: Entering directory '/home/marko/workspace/src/stp-master/cmake-build-debug/CMakeFiles/CMakeTmp'
Building CXX object CMakeFiles/cmTC_01d58.dir/src.cxx.o
/usr/bin/c++    -std=c++11  -Wall -Wextra -DHAVE_FLAG_-Wunused   -Wunused -o CMakeFiles/cmTC_01d58.dir/src.cxx.o -c /home/marko/workspace/src/stp-master/cmake-build-debug/CMakeFiles/CMakeTmp/src.cxx
<command-line>:0:11: warning: ISO C++11 requires whitespace after the macro name
Linking CXX executable cmTC_01d58
/home/marko/software/bin/cmake -E cmake_link_script CMakeFiles/cmTC_01d58.dir/link.txt --verbose=1
/usr/bin/c++  -std=c++11  -Wall -Wextra -DHAVE_FLAG_-Wunused    -rdynamic CMakeFiles/cmTC_01d58.dir/src.cxx.o  -o cmTC_01d58 
make[1]: Leaving directory '/home/marko/workspace/src/stp-master/cmake-build-debug/CMakeFiles/CMakeTmp'

Source file was:
int main() { return 0; }
Performing C++ SOURCE FILE Test HAVE_FLAG_-pedantic succeeded with the following output:
Change Dir: /home/marko/workspace/src/stp-master/cmake-build-debug/CMakeFiles/CMakeTmp

Run Build Command:"/usr/bin/make" "cmTC_d82e6/fast"
/usr/bin/make -f CMakeFiles/cmTC_d82e6.dir/build.make CMakeFiles/cmTC_d82e6.dir/build
make[1]: Entering directory '/home/marko/workspace/src/stp-master/cmake-build-debug/CMakeFiles/CMakeTmp'
Building CXX object CMakeFiles/cmTC_d82e6.dir/src.cxx.o
/usr/bin/c++    -std=c++11  -Wall -Wextra -Wunused -DHAVE_FLAG_-pedantic   -pedantic -o CMakeFiles/cmTC_d82e6.dir/src.cxx.o -c /home/marko/workspace/src/stp-master/cmake-build-debug/CMakeFiles/CMakeTmp/src.cxx
<command-line>:0:11: warning: ISO C++11 requires whitespace after the macro name
Linking CXX executable cmTC_d82e6
/home/marko/software/bin/cmake -E cmake_link_script CMakeFiles/cmTC_d82e6.dir/link.txt --verbose=1
/usr/bin/c++  -std=c++11  -Wall -Wextra -Wunused -DHAVE_FLAG_-pedantic    -rdynamic CMakeFiles/cmTC_d82e6.dir/src.cxx.o  -o cmTC_d82e6 
make[1]: Leaving directory '/home/marko/workspace/src/stp-master/cmake-build-debug/CMakeFiles/CMakeTmp'

Source file was:
int main() { return 0; }
Performing C++ SOURCE FILE Test HAVE_FLAG_-Wsign-compare succeeded with the following output:
Change Dir: /home/marko/workspace/src/stp-master/cmake-build-debug/CMakeFiles/CMakeTmp

Run Build Command:"/usr/bin/make" "cmTC_9d52a/fast"
/usr/bin/make -f CMakeFiles/cmTC_9d52a.dir/build.make CMakeFiles/cmTC_9d52a.dir/build
make[1]: Entering directory '/home/marko/workspace/src/stp-master/cmake-build-debug/CMakeFiles/CMakeTmp'
Building CXX object CMakeFiles/cmTC_9d52a.dir/src.cxx.o
/usr/bin/c++    -std=c++11  -Wall -Wextra -Wunused -pedantic -DHAVE_FLAG_-Wsign-compare   -Wsign-compare -o CMakeFiles/cmTC_9d52a.dir/src.cxx.o -c /home/marko/workspace/src/stp-master/cmake-build-debug/CMakeFiles/CMakeTmp/src.cxx
<command-line>:0:11: warning: ISO C++11 requires whitespace after the macro name
Linking CXX executable cmTC_9d52a
/home/marko/software/bin/cmake -E cmake_link_script CMakeFiles/cmTC_9d52a.dir/link.txt --verbose=1
/usr/bin/c++  -std=c++11  -Wall -Wextra -Wunused -pedantic -DHAVE_FLAG_-Wsign-compare    -rdynamic CMakeFiles/cmTC_9d52a.dir/src.cxx.o  -o cmTC_9d52a 
make[1]: Leaving directory '/home/marko/workspace/src/stp-master/cmake-build-debug/CMakeFiles/CMakeTmp'

Source file was:
int main() { return 0; }
Performing C++ SOURCE FILE Test HAVE_FLAG_-fno-omit-frame-pointer succeeded with the following output:
Change Dir: /home/marko/workspace/src/stp-master/cmake-build-debug/CMakeFiles/CMakeTmp

Run Build Command:"/usr/bin/make" "cmTC_101b1/fast"
/usr/bin/make -f CMakeFiles/cmTC_101b1.dir/build.make CMakeFiles/cmTC_101b1.dir/build
make[1]: Entering directory '/home/marko/workspace/src/stp-master/cmake-build-debug/CMakeFiles/CMakeTmp'
Building CXX object CMakeFiles/cmTC_101b1.dir/src.cxx.o
/usr/bin/c++    -std=c++11  -Wall -Wextra -Wunused -pedantic -Wsign-compare -DHAVE_FLAG_-fno-omit-frame-pointer   -fno-omit-frame-pointer -o CMakeFiles/cmTC_101b1.dir/src.cxx.o -c /home/marko/workspace/src/stp-master/cmake-build-debug/CMakeFiles/CMakeTmp/src.cxx
<command-line>:0:11: warning: ISO C++11 requires whitespace after the macro name
Linking CXX executable cmTC_101b1
/home/marko/software/bin/cmake -E cmake_link_script CMakeFiles/cmTC_101b1.dir/link.txt --verbose=1
/usr/bin/c++  -std=c++11  -Wall -Wextra -Wunused -pedantic -Wsign-compare -DHAVE_FLAG_-fno-omit-frame-pointer    -rdynamic CMakeFiles/cmTC_101b1.dir/src.cxx.o  -o cmTC_101b1 
make[1]: Leaving directory '/home/marko/workspace/src/stp-master/cmake-build-debug/CMakeFiles/CMakeTmp'

Source file was:
int main() { return 0; }
Performing C++ SOURCE FILE Test HAVE_FLAG_-Wtype-limits succeeded with the following output:
Change Dir: /home/marko/workspace/src/stp-master/cmake-build-debug/CMakeFiles/CMakeTmp

Run Build Command:"/usr/bin/make" "cmTC_e14b9/fast"
/usr/bin/make -f CMakeFiles/cmTC_e14b9.dir/build.make CMakeFiles/cmTC_e14b9.dir/build
make[1]: Entering directory '/home/marko/workspace/src/stp-master/cmake-build-debug/CMakeFiles/CMakeTmp'
Building CXX object CMakeFiles/cmTC_e14b9.dir/src.cxx.o
/usr/bin/c++    -std=c++11  -Wall -Wextra -Wunused -pedantic -Wsign-compare -fno-omit-frame-pointer -DHAVE_FLAG_-Wtype-limits   -Wtype-limits -o CMakeFiles/cmTC_e14b9.dir/src.cxx.o -c /home/marko/workspace/src/stp-master/cmake-build-debug/CMakeFiles/CMakeTmp/src.cxx
<command-line>:0:11: warning: ISO C++11 requires whitespace after the macro name
Linking CXX executable cmTC_e14b9
/home/marko/software/bin/cmake -E cmake_link_script CMakeFiles/cmTC_e14b9.dir/link.txt --verbose=1
/usr/bin/c++  -std=c++11  -Wall -Wextra -Wunused -pedantic -Wsign-compare -fno-omit-frame-pointer -DHAVE_FLAG_-Wtype-limits    -rdynamic CMakeFiles/cmTC_e14b9.dir/src.cxx.o  -o cmTC_e14b9 
make[1]: Leaving directory '/home/marko/workspace/src/stp-master/cmake-build-debug/CMakeFiles/CMakeTmp'

Source file was:
int main() { return 0; }
Performing C++ SOURCE FILE Test HAVE_FLAG_-Wuninitialized succeeded with the following output:
Change Dir: /home/marko/workspace/src/stp-master/cmake-build-debug/CMakeFiles/CMakeTmp

Run Build Command:"/usr/bin/make" "cmTC_fa64a/fast"
/usr/bin/make -f CMakeFiles/cmTC_fa64a.dir/build.make CMakeFiles/cmTC_fa64a.dir/build
make[1]: Entering directory '/home/marko/workspace/src/stp-master/cmake-build-debug/CMakeFiles/CMakeTmp'
Building CXX object CMakeFiles/cmTC_fa64a.dir/src.cxx.o
/usr/bin/c++    -std=c++11  -Wall -Wextra -Wunused -pedantic -Wsign-compare -fno-omit-frame-pointer -Wtype-limits -DHAVE_FLAG_-Wuninitialized   -Wuninitialized -o CMakeFiles/cmTC_fa64a.dir/src.cxx.o -c /home/marko/workspace/src/stp-master/cmake-build-debug/CMakeFiles/CMakeTmp/src.cxx
<command-line>:0:11: warning: ISO C++11 requires whitespace after the macro name
Linking CXX executable cmTC_fa64a
/home/marko/software/bin/cmake -E cmake_link_script CMakeFiles/cmTC_fa64a.dir/link.txt --verbose=1
/usr/bin/c++  -std=c++11  -Wall -Wextra -Wunused -pedantic -Wsign-compare -fno-omit-frame-pointer -Wtype-limits -DHAVE_FLAG_-Wuninitialized    -rdynamic CMakeFiles/cmTC_fa64a.dir/src.cxx.o  -o cmTC_fa64a 
make[1]: Leaving directory '/home/marko/workspace/src/stp-master/cmake-build-debug/CMakeFiles/CMakeTmp'

Source file was:
int main() { return 0; }
Performing C++ SOURCE FILE Test HAVE_FLAG_-Wno-deprecated succeeded with the following output:
Change Dir: /home/marko/workspace/src/stp-master/cmake-build-debug/CMakeFiles/CMakeTmp

Run Build Command:"/usr/bin/make" "cmTC_d343d/fast"
/usr/bin/make -f CMakeFiles/cmTC_d343d.dir/build.make CMakeFiles/cmTC_d343d.dir/build
make[1]: Entering directory '/home/marko/workspace/src/stp-master/cmake-build-debug/CMakeFiles/CMakeTmp'
Building CXX object CMakeFiles/cmTC_d343d.dir/src.cxx.o
/usr/bin/c++    -std=c++11  -Wall -Wextra -Wunused -pedantic -Wsign-compare -fno-omit-frame-pointer -Wtype-limits -Wuninitialized -DHAVE_FLAG_-Wno-deprecated   -Wno-deprecated -o CMakeFiles/cmTC_d343d.dir/src.cxx.o -c /home/marko/workspace/src/stp-master/cmake-build-debug/CMakeFiles/CMakeTmp/src.cxx
<command-line>:0:11: warning: ISO C++11 requires whitespace after the macro name
Linking CXX executable cmTC_d343d
/home/marko/software/bin/cmake -E cmake_link_script CMakeFiles/cmTC_d343d.dir/link.txt --verbose=1
/usr/bin/c++  -std=c++11  -Wall -Wextra -Wunused -pedantic -Wsign-compare -fno-omit-frame-pointer -Wtype-limits -Wuninitialized -DHAVE_FLAG_-Wno-deprecated    -rdynamic CMakeFiles/cmTC_d343d.dir/src.cxx.o  -o cmTC_d343d 
make[1]: Leaving directory '/home/marko/workspace/src/stp-master/cmake-build-debug/CMakeFiles/CMakeTmp'

Source file was:
int main() { return 0; }
Performing C++ SOURCE FILE Test HAVE_FLAG_-Wstrict-aliasing succeeded with the following output:
Change Dir: /home/marko/workspace/src/stp-master/cmake-build-debug/CMakeFiles/CMakeTmp

Run Build Command:"/usr/bin/make" "cmTC_55d36/fast"
/usr/bin/make -f CMakeFiles/cmTC_55d36.dir/build.make CMakeFiles/cmTC_55d36.dir/build
make[1]: Entering directory '/home/marko/workspace/src/stp-master/cmake-build-debug/CMakeFiles/CMakeTmp'
Building CXX object CMakeFiles/cmTC_55d36.dir/src.cxx.o
/usr/bin/c++    -std=c++11  -Wall -Wextra -Wunused -pedantic -Wsign-compare -fno-omit-frame-pointer -Wtype-limits -Wuninitialized -Wno-deprecated -DHAVE_FLAG_-Wstrict-aliasing   -Wstrict-aliasing -o CMakeFiles/cmTC_55d36.dir/src.cxx.o -c /home/marko/workspace/src/stp-master/cmake-build-debug/CMakeFiles/CMakeTmp/src.cxx
<command-line>:0:11: warning: ISO C++11 requires whitespace after the macro name
Linking CXX executable cmTC_55d36
/home/marko/software/bin/cmake -E cmake_link_script CMakeFiles/cmTC_55d36.dir/link.txt --verbose=1
/usr/bin/c++  -std=c++11  -Wall -Wextra -Wunused -pedantic -Wsign-compare -fno-omit-frame-pointer -Wtype-limits -Wuninitialized -Wno-deprecated -DHAVE_FLAG_-Wstrict-aliasing    -rdynamic CMakeFiles/cmTC_55d36.dir/src.cxx.o  -o cmTC_55d36 
make[1]: Leaving directory '/home/marko/workspace/src/stp-master/cmake-build-debug/CMakeFiles/CMakeTmp'

Source file was:
int main() { return 0; }
Performing C++ SOURCE FILE Test HAVE_FLAG_-Wpointer-arith succeeded with the following output:
Change Dir: /home/marko/workspace/src/stp-master/cmake-build-debug/CMakeFiles/CMakeTmp

Run Build Command:"/usr/bin/make" "cmTC_0bae1/fast"
/usr/bin/make -f CMakeFiles/cmTC_0bae1.dir/build.make CMakeFiles/cmTC_0bae1.dir/build
make[1]: Entering directory '/home/marko/workspace/src/stp-master/cmake-build-debug/CMakeFiles/CMakeTmp'
Building CXX object CMakeFiles/cmTC_0bae1.dir/src.cxx.o
/usr/bin/c++    -std=c++11  -Wall -Wextra -Wunused -pedantic -Wsign-compare -fno-omit-frame-pointer -Wtype-limits -Wuninitialized -Wno-deprecated -Wstrict-aliasing -DHAVE_FLAG_-Wpointer-arith   -Wpointer-arith -o CMakeFiles/cmTC_0bae1.dir/src.cxx.o -c /home/marko/workspace/src/stp-master/cmake-build-debug/CMakeFiles/CMakeTmp/src.cxx
<command-line>:0:11: warning: ISO C++11 requires whitespace after the macro name
Linking CXX executable cmTC_0bae1
/home/marko/software/bin/cmake -E cmake_link_script CMakeFiles/cmTC_0bae1.dir/link.txt --verbose=1
/usr/bin/c++  -std=c++11  -Wall -Wextra -Wunused -pedantic -Wsign-compare -fno-omit-frame-pointer -Wtype-limits -Wuninitialized -Wno-deprecated -Wstrict-aliasing -DHAVE_FLAG_-Wpointer-arith    -rdynamic CMakeFiles/cmTC_0bae1.dir/src.cxx.o  -o cmTC_0bae1 
make[1]: Leaving directory '/home/marko/workspace/src/stp-master/cmake-build-debug/CMakeFiles/CMakeTmp'

Source file was:
int main() { return 0; }
Performing C++ SOURCE FILE Test HAVE_FLAG_-Wformat-nonliteral succeeded with the following output:
Change Dir: /home/marko/workspace/src/stp-master/cmake-build-debug/CMakeFiles/CMakeTmp

Run Build Command:"/usr/bin/make" "cmTC_67876/fast"
/usr/bin/make -f CMakeFiles/cmTC_67876.dir/build.make CMakeFiles/cmTC_67876.dir/build
make[1]: Entering directory '/home/marko/workspace/src/stp-master/cmake-build-debug/CMakeFiles/CMakeTmp'
Building CXX object CMakeFiles/cmTC_67876.dir/src.cxx.o
/usr/bin/c++    -std=c++11  -Wall -Wextra -Wunused -pedantic -Wsign-compare -fno-omit-frame-pointer -Wtype-limits -Wuninitialized -Wno-deprecated -Wstrict-aliasing -Wpointer-arith -Wpointer-arith -DHAVE_FLAG_-Wformat-nonliteral   -Wformat-nonliteral -o CMakeFiles/cmTC_67876.dir/src.cxx.o -c /home/marko/workspace/src/stp-master/cmake-build-debug/CMakeFiles/CMakeTmp/src.cxx
<command-line>:0:11: warning: ISO C++11 requires whitespace after the macro name
Linking CXX executable cmTC_67876
/home/marko/software/bin/cmake -E cmake_link_script CMakeFiles/cmTC_67876.dir/link.txt --verbose=1
/usr/bin/c++  -std=c++11  -Wall -Wextra -Wunused -pedantic -Wsign-compare -fno-omit-frame-pointer -Wtype-limits -Wuninitialized -Wno-deprecated -Wstrict-aliasing -Wpointer-arith -Wpointer-arith -DHAVE_FLAG_-Wformat-nonliteral    -rdynamic CMakeFiles/cmTC_67876.dir/src.cxx.o  -o cmTC_67876 
make[1]: Leaving directory '/home/marko/workspace/src/stp-master/cmake-build-debug/CMakeFiles/CMakeTmp'

Source file was:
int main() { return 0; }
Performing C++ SOURCE FILE Test HAVE_FLAG_-Winit-self succeeded with the following output:
Change Dir: /home/marko/workspace/src/stp-master/cmake-build-debug/CMakeFiles/CMakeTmp

Run Build Command:"/usr/bin/make" "cmTC_b3111/fast"
/usr/bin/make -f CMakeFiles/cmTC_b3111.dir/build.make CMakeFiles/cmTC_b3111.dir/build
make[1]: Entering directory '/home/marko/workspace/src/stp-master/cmake-build-debug/CMakeFiles/CMakeTmp'
Building CXX object CMakeFiles/cmTC_b3111.dir/src.cxx.o
/usr/bin/c++    -std=c++11  -Wall -Wextra -Wunused -pedantic -Wsign-compare -fno-omit-frame-pointer -Wtype-limits -Wuninitialized -Wno-deprecated -Wstrict-aliasing -Wpointer-arith -Wpointer-arith -Wformat-nonliteral -DHAVE_FLAG_-Winit-self   -Winit-self -o CMakeFiles/cmTC_b3111.dir/src.cxx.o -c /home/marko/workspace/src/stp-master/cmake-build-debug/CMakeFiles/CMakeTmp/src.cxx
<command-line>:0:11: warning: ISO C++11 requires whitespace after the macro name
Linking CXX executable cmTC_b3111
/home/marko/software/bin/cmake -E cmake_link_script CMakeFiles/cmTC_b3111.dir/link.txt --verbose=1
/usr/bin/c++  -std=c++11  -Wall -Wextra -Wunused -pedantic -Wsign-compare -fno-omit-frame-pointer -Wtype-limits -Wuninitialized -Wno-deprecated -Wstrict-aliasing -Wpointer-arith -Wpointer-arith -Wformat-nonliteral -DHAVE_FLAG_-Winit-self    -rdynamic CMakeFiles/cmTC_b3111.dir/src.cxx.o  -o cmTC_b3111 
make[1]: Leaving directory '/home/marko/workspace/src/stp-master/cmake-build-debug/CMakeFiles/CMakeTmp'

Source file was:
int main() { return 0; }
Performing C++ SOURCE FILE Test HAVE_FLAG_-Wparentheses succeeded with the following output:
Change Dir: /home/marko/workspace/src/stp-master/cmake-build-debug/CMakeFiles/CMakeTmp

Run Build Command:"/usr/bin/make" "cmTC_fe4e1/fast"
/usr/bin/make -f CMakeFiles/cmTC_fe4e1.dir/build.make CMakeFiles/cmTC_fe4e1.dir/build
make[1]: Entering directory '/home/marko/workspace/src/stp-master/cmake-build-debug/CMakeFiles/CMakeTmp'
Building CXX object CMakeFiles/cmTC_fe4e1.dir/src.cxx.o
/usr/bin/c++    -std=c++11  -Wall -Wextra -Wunused -pedantic -Wsign-compare -fno-omit-frame-pointer -Wtype-limits -Wuninitialized -Wno-deprecated -Wstrict-aliasing -Wpointer-arith -Wpointer-arith -Wformat-nonliteral -Winit-self -DHAVE_FLAG_-Wparentheses   -Wparentheses -o CMakeFiles/cmTC_fe4e1.dir/src.cxx.o -c /home/marko/workspace/src/stp-master/cmake-build-debug/CMakeFiles/CMakeTmp/src.cxx
<command-line>:0:11: warning: ISO C++11 requires whitespace after the macro name
Linking CXX executable cmTC_fe4e1
/home/marko/software/bin/cmake -E cmake_link_script CMakeFiles/cmTC_fe4e1.dir/link.txt --verbose=1
/usr/bin/c++  -std=c++11  -Wall -Wextra -Wunused -pedantic -Wsign-compare -fno-omit-frame-pointer -Wtype-limits -Wuninitialized -Wno-deprecated -Wstrict-aliasing -Wpointer-arith -Wpointer-arith -Wformat-nonliteral -Winit-self -DHAVE_FLAG_-Wparentheses    -rdynamic CMakeFiles/cmTC_fe4e1.dir/src.cxx.o  -o cmTC_fe4e1 
make[1]: Leaving directory '/home/marko/workspace/src/stp-master/cmake-build-debug/CMakeFiles/CMakeTmp'

Source file was:
int main() { return 0; }
Performing C++ SOURCE FILE Test HAVE_FLAG_-Wunreachable-code succeeded with the following output:
Change Dir: /home/marko/workspace/src/stp-master/cmake-build-debug/CMakeFiles/CMakeTmp

Run Build Command:"/usr/bin/make" "cmTC_a1f7b/fast"
/usr/bin/make -f CMakeFiles/cmTC_a1f7b.dir/build.make CMakeFiles/cmTC_a1f7b.dir/build
make[1]: Entering directory '/home/marko/workspace/src/stp-master/cmake-build-debug/CMakeFiles/CMakeTmp'
Building CXX object CMakeFiles/cmTC_a1f7b.dir/src.cxx.o
/usr/bin/c++    -std=c++11  -Wall -Wextra -Wunused -pedantic -Wsign-compare -fno-omit-frame-pointer -Wtype-limits -Wuninitialized -Wno-deprecated -Wstrict-aliasing -Wpointer-arith -Wpointer-arith -Wformat-nonliteral -Winit-self -Wparentheses -DHAVE_FLAG_-Wunreachable-code   -Wunreachable-code -o CMakeFiles/cmTC_a1f7b.dir/src.cxx.o -c /home/marko/workspace/src/stp-master/cmake-build-debug/CMakeFiles/CMakeTmp/src.cxx
<command-line>:0:11: warning: ISO C++11 requires whitespace after the macro name
Linking CXX executable cmTC_a1f7b
/home/marko/software/bin/cmake -E cmake_link_script CMakeFiles/cmTC_a1f7b.dir/link.txt --verbose=1
/usr/bin/c++  -std=c++11  -Wall -Wextra -Wunused -pedantic -Wsign-compare -fno-omit-frame-pointer -Wtype-limits -Wuninitialized -Wno-deprecated -Wstrict-aliasing -Wpointer-arith -Wpointer-arith -Wformat-nonliteral -Winit-self -Wparentheses -DHAVE_FLAG_-Wunreachable-code    -rdynamic CMakeFiles/cmTC_a1f7b.dir/src.cxx.o  -o cmTC_a1f7b 
make[1]: Leaving directory '/home/marko/workspace/src/stp-master/cmake-build-debug/CMakeFiles/CMakeTmp'

Source file was:
int main() { return 0; }
Performing C++ SOURCE FILE Test HAVE_FLAG_-ggdb3 succeeded with the following output:
Change Dir: /home/marko/workspace/src/stp-master/cmake-build-debug/CMakeFiles/CMakeTmp

Run Build Command:"/usr/bin/make" "cmTC_23219/fast"
/usr/bin/make -f CMakeFiles/cmTC_23219.dir/build.make CMakeFiles/cmTC_23219.dir/build
make[1]: Entering directory '/home/marko/workspace/src/stp-master/cmake-build-debug/CMakeFiles/CMakeTmp'
Building CXX object CMakeFiles/cmTC_23219.dir/src.cxx.o
/usr/bin/c++    -std=c++11  -Wall -Wextra -Wunused -pedantic -Wsign-compare -fno-omit-frame-pointer -Wtype-limits -Wuninitialized -Wno-deprecated -Wstrict-aliasing -Wpointer-arith -Wpointer-arith -Wformat-nonliteral -Winit-self -Wparentheses -Wunreachable-code -DHAVE_FLAG_-ggdb3   -ggdb3 -o CMakeFiles/cmTC_23219.dir/src.cxx.o -c /home/marko/workspace/src/stp-master/cmake-build-debug/CMakeFiles/CMakeTmp/src.cxx
<command-line>:0:11: warning: ISO C++11 requires whitespace after the macro name
Linking CXX executable cmTC_23219
/home/marko/software/bin/cmake -E cmake_link_script CMakeFiles/cmTC_23219.dir/link.txt --verbose=1
/usr/bin/c++  -std=c++11  -Wall -Wextra -Wunused -pedantic -Wsign-compare -fno-omit-frame-pointer -Wtype-limits -Wuninitialized -Wno-deprecated -Wstrict-aliasing -Wpointer-arith -Wpointer-arith -Wformat-nonliteral -Winit-self -Wparentheses -Wunreachable-code -DHAVE_FLAG_-ggdb3    -rdynamic CMakeFiles/cmTC_23219.dir/src.cxx.o  -o cmTC_23219 
make[1]: Leaving directory '/home/marko/workspace/src/stp-master/cmake-build-debug/CMakeFiles/CMakeTmp'

Source file was:
int main() { return 0; }
Determining if the include file unistd.h exists passed with the following output:
Change Dir: /home/marko/workspace/src/stp-master/cmake-build-debug/CMakeFiles/CMakeTmp

Run Build Command:"/usr/bin/make" "cmTC_786ec/fast"
/usr/bin/make -f CMakeFiles/cmTC_786ec.dir/build.make CMakeFiles/cmTC_786ec.dir/build
make[1]: Entering directory '/home/marko/workspace/src/stp-master/cmake-build-debug/CMakeFiles/CMakeTmp'
Building C object CMakeFiles/cmTC_786ec.dir/CheckIncludeFile.c.o
/usr/bin/cc    -o CMakeFiles/cmTC_786ec.dir/CheckIncludeFile.c.o   -c /home/marko/workspace/src/stp-master/cmake-build-debug/CMakeFiles/CMakeTmp/CheckIncludeFile.c
Linking C executable cmTC_786ec
/home/marko/software/bin/cmake -E cmake_link_script CMakeFiles/cmTC_786ec.dir/link.txt --verbose=1
/usr/bin/cc      -rdynamic CMakeFiles/cmTC_786ec.dir/CheckIncludeFile.c.o  -o cmTC_786ec 
make[1]: Leaving directory '/home/marko/workspace/src/stp-master/cmake-build-debug/CMakeFiles/CMakeTmp'


Performing C SOURCE FILE Test HAVE_C_FLAG_-fPIC succeeded with the following output:
Change Dir: /home/marko/workspace/src/stp-master/cmake-build-debug/CMakeFiles/CMakeTmp

Run Build Command:"/usr/bin/make" "cmTC_4adf1/fast"
/usr/bin/make -f CMakeFiles/cmTC_4adf1.dir/build.make CMakeFiles/cmTC_4adf1.dir/build
make[1]: Entering directory '/home/marko/workspace/src/stp-master/cmake-build-debug/CMakeFiles/CMakeTmp'
Building C object CMakeFiles/cmTC_4adf1.dir/src.c.o
/usr/bin/cc   -DHAVE_C_FLAG_-fPIC   -fPIC -o CMakeFiles/cmTC_4adf1.dir/src.c.o   -c /home/marko/workspace/src/stp-master/cmake-build-debug/CMakeFiles/CMakeTmp/src.c
<command-line>:0:13: warning: ISO C99 requires whitespace after the macro name
Linking C executable cmTC_4adf1
/home/marko/software/bin/cmake -E cmake_link_script CMakeFiles/cmTC_4adf1.dir/link.txt --verbose=1
/usr/bin/cc  -DHAVE_C_FLAG_-fPIC    -rdynamic CMakeFiles/cmTC_4adf1.dir/src.c.o  -o cmTC_4adf1 
make[1]: Leaving directory '/home/marko/workspace/src/stp-master/cmake-build-debug/CMakeFiles/CMakeTmp'

Source file was:
int main(void) { return 0; }
